{"meta": {"format": 3, "version": "7.6.12", "timestamp": "2025-02-22T11:38:25.876850", "branch_coverage": false, "show_contexts": false}, "files": {"jaxvmas/__init__.py": {"executed_lines": [5, 7, 9, 17, 19, 44, 46, 61, 64, 77], "summary": {"covered_lines": 10, "num_statements": 10, "percent_covered": 100.0, "percent_covered_display": "100", "missing_lines": 0, "excluded_lines": 0}, "missing_lines": [], "excluded_lines": [], "functions": {"": {"executed_lines": [5, 7, 9, 17, 19, 44, 46, 61, 64, 77], "summary": {"covered_lines": 10, "num_statements": 10, "percent_covered": 100.0, "percent_covered_display": "100", "missing_lines": 0, "excluded_lines": 0}, "missing_lines": [], "excluded_lines": []}}, "classes": {"": {"executed_lines": [5, 7, 9, 17, 19, 44, 46, 61, 64, 77], "summary": {"covered_lines": 10, "num_statements": 10, "percent_covered": 100.0, "percent_covered_display": "100", "missing_lines": 0, "excluded_lines": 0}, "missing_lines": [], "excluded_lines": []}}}, "jaxvmas/equinox_utils.py": {"executed_lines": [1, 2, 4, 5, 6, 8, 11, 12, 13, 16, 17, 20, 24, 26, 28, 29, 30, 31, 32, 33, 35, 36, 37, 38, 39, 40, 42, 45, 48, 52, 54, 56, 57, 58, 59, 61, 62, 63, 64, 66, 69], "summary": {"covered_lines": 41, "num_statements": 41, "percent_covered": 100.0, "percent_covered_display": "100", "missing_lines": 0, "excluded_lines": 0}, "missing_lines": [], "excluded_lines": [], "functions": {"PyTreeNode.replace": {"executed_lines": [13], "summary": {"covered_lines": 1, "num_statements": 1, "percent_covered": 100.0, "percent_covered_display": "100", "missing_lines": 0, "excluded_lines": 0}, "missing_lines": [], "excluded_lines": []}, "dataclass_to_dict_first_layer": {"executed_lines": [17], "summary": {"covered_lines": 1, "num_statements": 1, "percent_covered": 100.0, "percent_covered_display": "100", "missing_lines": 0, "excluded_lines": 0}, "missing_lines": [], "excluded_lines": []}, "equinox_filter_cond_return_pytree_node": {"executed_lines": [24, 26, 28, 35, 42, 45], "summary": {"covered_lines": 6, "num_statements": 6, "percent_covered": 100.0, "percent_covered_display": "100", "missing_lines": 0, "excluded_lines": 0}, "missing_lines": [], "excluded_lines": []}, "equinox_filter_cond_return_pytree_node.on_true_filter": {"executed_lines": [29, 30, 31, 32, 33], "summary": {"covered_lines": 5, "num_statements": 5, "percent_covered": 100.0, "percent_covered_display": "100", "missing_lines": 0, "excluded_lines": 0}, "missing_lines": [], "excluded_lines": []}, "equinox_filter_cond_return_pytree_node.on_false_filter": {"executed_lines": [36, 37, 38, 39, 40], "summary": {"covered_lines": 5, "num_statements": 5, "percent_covered": 100.0, "percent_covered_display": "100", "missing_lines": 0, "excluded_lines": 0}, "missing_lines": [], "excluded_lines": []}, "equinox_filter_cond_return_dynamic": {"executed_lines": [52, 54, 56, 61, 66, 69], "summary": {"covered_lines": 6, "num_statements": 6, "percent_covered": 100.0, "percent_covered_display": "100", "missing_lines": 0, "excluded_lines": 0}, "missing_lines": [], "excluded_lines": []}, "equinox_filter_cond_return_dynamic.on_true_filter": {"executed_lines": [57, 58, 59], "summary": {"covered_lines": 3, "num_statements": 3, "percent_covered": 100.0, "percent_covered_display": "100", "missing_lines": 0, "excluded_lines": 0}, "missing_lines": [], "excluded_lines": []}, "equinox_filter_cond_return_dynamic.on_false_filter": {"executed_lines": [62, 63, 64], "summary": {"covered_lines": 3, "num_statements": 3, "percent_covered": 100.0, "percent_covered_display": "100", "missing_lines": 0, "excluded_lines": 0}, "missing_lines": [], "excluded_lines": []}, "": {"executed_lines": [1, 2, 4, 5, 6, 8, 11, 12, 16, 20, 48], "summary": {"covered_lines": 11, "num_statements": 11, "percent_covered": 100.0, "percent_covered_display": "100", "missing_lines": 0, "excluded_lines": 0}, "missing_lines": [], "excluded_lines": []}}, "classes": {"PyTreeNode": {"executed_lines": [13], "summary": {"covered_lines": 1, "num_statements": 1, "percent_covered": 100.0, "percent_covered_display": "100", "missing_lines": 0, "excluded_lines": 0}, "missing_lines": [], "excluded_lines": []}, "": {"executed_lines": [1, 2, 4, 5, 6, 8, 11, 12, 16, 17, 20, 24, 26, 28, 29, 30, 31, 32, 33, 35, 36, 37, 38, 39, 40, 42, 45, 48, 52, 54, 56, 57, 58, 59, 61, 62, 63, 64, 66, 69], "summary": {"covered_lines": 40, "num_statements": 40, "percent_covered": 100.0, "percent_covered_display": "100", "missing_lines": 0, "excluded_lines": 0}, "missing_lines": [], "excluded_lines": []}}}, "jaxvmas/examples.py": {"executed_lines": [], "summary": {"covered_lines": 0, "num_statements": 71, "percent_covered": 0.0, "percent_covered_display": "0", "missing_lines": 71, "excluded_lines": 0}, "missing_lines": [4, 5, 7, 8, 9, 10, 12, 13, 14, 15, 18, 27, 28, 29, 32, 33, 35, 36, 46, 47, 48, 49, 50, 51, 52, 54, 55, 56, 57, 58, 59, 60, 63, 64, 65, 68, 69, 70, 71, 72, 78, 81, 82, 84, 85, 86, 88, 89, 91, 92, 93, 94, 99, 100, 103, 104, 105, 106, 108, 109, 110, 112, 113, 115, 116, 117, 119, 123, 126, 127, 129], "excluded_lines": [], "functions": {"run_heuristic": {"executed_lines": [], "summary": {"covered_lines": 0, "num_statements": 57, "percent_covered": 0.0, "percent_covered_display": "0", "missing_lines": 57, "excluded_lines": 0}, "missing_lines": [27, 28, 29, 32, 33, 35, 36, 46, 47, 48, 49, 50, 51, 52, 54, 55, 56, 57, 58, 59, 60, 63, 64, 65, 68, 69, 70, 71, 72, 78, 81, 82, 84, 85, 86, 88, 89, 91, 92, 93, 94, 99, 100, 103, 104, 105, 106, 108, 109, 110, 112, 113, 115, 116, 117, 119, 123], "excluded_lines": []}, "": {"executed_lines": [], "summary": {"covered_lines": 0, "num_statements": 14, "percent_covered": 0.0, "percent_covered_display": "0", "missing_lines": 14, "excluded_lines": 0}, "missing_lines": [4, 5, 7, 8, 9, 10, 12, 13, 14, 15, 18, 126, 127, 129], "excluded_lines": []}}, "classes": {"": {"executed_lines": [], "summary": {"covered_lines": 0, "num_statements": 71, "percent_covered": 0.0, "percent_covered_display": "0", "missing_lines": 71, "excluded_lines": 0}, "missing_lines": [4, 5, 7, 8, 9, 10, 12, 13, 14, 15, 18, 27, 28, 29, 32, 33, 35, 36, 46, 47, 48, 49, 50, 51, 52, 54, 55, 56, 57, 58, 59, 60, 63, 64, 65, 68, 69, 70, 71, 72, 78, 81, 82, 84, 85, 86, 88, 89, 91, 92, 93, 94, 99, 100, 103, 104, 105, 106, 108, 109, 110, 112, 113, 115, 116, 117, 119, 123, 126, 127, 129], "excluded_lines": []}}}, "jaxvmas/interactive_rendering.py": {"executed_lines": [4, 14, 15, 16, 18, 19, 20, 22, 23, 24, 25, 28, 29, 31, 34, 35, 45, 93, 99, 180, 190, 194, 257, 289, 320, 321, 330, 388, 416], "summary": {"covered_lines": 27, "num_statements": 208, "percent_covered": 12.98076923076923, "percent_covered_display": "13", "missing_lines": 181, "excluded_lines": 0}, "missing_lines": [53, 54, 56, 57, 58, 59, 60, 61, 62, 65, 68, 69, 70, 71, 72, 73, 75, 76, 80, 81, 82, 84, 86, 87, 88, 89, 91, 94, 95, 96, 97, 100, 101, 102, 103, 104, 105, 106, 111, 112, 113, 115, 116, 117, 123, 125, 126, 132, 133, 134, 135, 143, 145, 146, 148, 149, 150, 151, 153, 154, 156, 157, 158, 160, 161, 163, 164, 166, 167, 169, 174, 175, 177, 178, 181, 183, 184, 187, 188, 191, 195, 197, 198, 199, 200, 201, 202, 203, 204, 205, 206, 207, 208, 209, 210, 211, 212, 215, 216, 217, 221, 222, 226, 227, 228, 229, 230, 231, 232, 233, 234, 235, 236, 237, 239, 240, 243, 244, 249, 250, 252, 253, 255, 258, 260, 261, 262, 263, 264, 265, 266, 267, 268, 269, 270, 271, 273, 274, 275, 276, 277, 278, 279, 280, 281, 282, 283, 284, 285, 287, 290, 291, 296, 302, 303, 305, 306, 307, 309, 311, 312, 314, 315, 316, 318, 322, 323, 324, 325, 327, 366, 367, 369, 389, 390, 396, 402, 408, 413, 424, 426], "excluded_lines": [], "functions": {"InteractiveEnv.__init__": {"executed_lines": [], "summary": {"covered_lines": 0, "num_statements": 27, "percent_covered": 0.0, "percent_covered_display": "0", "missing_lines": 27, "excluded_lines": 0}, "missing_lines": [53, 54, 56, 57, 58, 59, 60, 61, 62, 65, 68, 69, 70, 71, 72, 73, 75, 76, 80, 81, 82, 84, 86, 87, 88, 89, 91], "excluded_lines": []}, "InteractiveEnv._increment_selected_agent_index": {"executed_lines": [], "summary": {"covered_lines": 0, "num_statements": 4, "percent_covered": 0.0, "percent_covered_display": "0", "missing_lines": 4, "excluded_lines": 0}, "missing_lines": [94, 95, 96, 97], "excluded_lines": []}, "InteractiveEnv._cycle": {"executed_lines": [], "summary": {"covered_lines": 0, "num_statements": 43, "percent_covered": 0.0, "percent_covered_display": "0", "missing_lines": 43, "excluded_lines": 0}, "missing_lines": [100, 101, 102, 103, 104, 105, 106, 111, 112, 113, 115, 116, 117, 123, 125, 126, 132, 133, 134, 135, 143, 145, 146, 148, 149, 150, 151, 153, 154, 156, 157, 158, 160, 161, 163, 164, 166, 167, 169, 174, 175, 177, 178], "excluded_lines": []}, "InteractiveEnv._init_text": {"executed_lines": [], "summary": {"covered_lines": 0, "num_statements": 5, "percent_covered": 0.0, "percent_covered_display": "0", "missing_lines": 5, "excluded_lines": 0}, "missing_lines": [181, 183, 184, 187, 188], "excluded_lines": []}, "InteractiveEnv._write_values": {"executed_lines": [], "summary": {"covered_lines": 0, "num_statements": 1, "percent_covered": 0.0, "percent_covered_display": "0", "missing_lines": 1, "excluded_lines": 0}, "missing_lines": [191], "excluded_lines": []}, "InteractiveEnv._key_press": {"executed_lines": [], "summary": {"covered_lines": 0, "num_statements": 43, "percent_covered": 0.0, "percent_covered_display": "0", "missing_lines": 43, "excluded_lines": 0}, "missing_lines": [195, 197, 198, 199, 200, 201, 202, 203, 204, 205, 206, 207, 208, 209, 210, 211, 212, 215, 216, 217, 221, 222, 226, 227, 228, 229, 230, 231, 232, 233, 234, 235, 236, 237, 239, 240, 243, 244, 249, 250, 252, 253, 255], "excluded_lines": []}, "InteractiveEnv._key_release": {"executed_lines": [], "summary": {"covered_lines": 0, "num_statements": 27, "percent_covered": 0.0, "percent_covered_display": "0", "missing_lines": 27, "excluded_lines": 0}, "missing_lines": [258, 260, 261, 262, 263, 264, 265, 266, 267, 268, 269, 270, 271, 273, 274, 275, 276, 277, 278, 279, 280, 281, 282, 283, 284, 285, 287], "excluded_lines": []}, "InteractiveEnv.set_u": {"executed_lines": [], "summary": {"covered_lines": 0, "num_statements": 15, "percent_covered": 0.0, "percent_covered_display": "0", "missing_lines": 15, "excluded_lines": 0}, "missing_lines": [290, 291, 296, 302, 303, 305, 306, 307, 309, 311, 312, 314, 315, 316, 318], "excluded_lines": []}, "InteractiveEnv.format_obs": {"executed_lines": [], "summary": {"covered_lines": 0, "num_statements": 5, "percent_covered": 0.0, "percent_covered_display": "0", "missing_lines": 5, "excluded_lines": 0}, "missing_lines": [322, 323, 324, 325, 327], "excluded_lines": []}, "render_interactively": {"executed_lines": [], "summary": {"covered_lines": 0, "num_statements": 3, "percent_covered": 0.0, "percent_covered_display": "0", "missing_lines": 3, "excluded_lines": 0}, "missing_lines": [366, 367, 369], "excluded_lines": []}, "parse_args": {"executed_lines": [], "summary": {"covered_lines": 0, "num_statements": 6, "percent_covered": 0.0, "percent_covered_display": "0", "missing_lines": 6, "excluded_lines": 0}, "missing_lines": [389, 390, 396, 402, 408, 413], "excluded_lines": []}, "": {"executed_lines": [4, 14, 15, 16, 18, 19, 20, 22, 23, 24, 25, 28, 29, 31, 34, 35, 45, 93, 99, 180, 190, 194, 257, 289, 320, 321, 330, 388, 416], "summary": {"covered_lines": 27, "num_statements": 29, "percent_covered": 93.10344827586206, "percent_covered_display": "93", "missing_lines": 2, "excluded_lines": 0}, "missing_lines": [424, 426], "excluded_lines": []}}, "classes": {"InteractiveEnv": {"executed_lines": [], "summary": {"covered_lines": 0, "num_statements": 170, "percent_covered": 0.0, "percent_covered_display": "0", "missing_lines": 170, "excluded_lines": 0}, "missing_lines": [53, 54, 56, 57, 58, 59, 60, 61, 62, 65, 68, 69, 70, 71, 72, 73, 75, 76, 80, 81, 82, 84, 86, 87, 88, 89, 91, 94, 95, 96, 97, 100, 101, 102, 103, 104, 105, 106, 111, 112, 113, 115, 116, 117, 123, 125, 126, 132, 133, 134, 135, 143, 145, 146, 148, 149, 150, 151, 153, 154, 156, 157, 158, 160, 161, 163, 164, 166, 167, 169, 174, 175, 177, 178, 181, 183, 184, 187, 188, 191, 195, 197, 198, 199, 200, 201, 202, 203, 204, 205, 206, 207, 208, 209, 210, 211, 212, 215, 216, 217, 221, 222, 226, 227, 228, 229, 230, 231, 232, 233, 234, 235, 236, 237, 239, 240, 243, 244, 249, 250, 252, 253, 255, 258, 260, 261, 262, 263, 264, 265, 266, 267, 268, 269, 270, 271, 273, 274, 275, 276, 277, 278, 279, 280, 281, 282, 283, 284, 285, 287, 290, 291, 296, 302, 303, 305, 306, 307, 309, 311, 312, 314, 315, 316, 318, 322, 323, 324, 325, 327], "excluded_lines": []}, "": {"executed_lines": [4, 14, 15, 16, 18, 19, 20, 22, 23, 24, 25, 28, 29, 31, 34, 35, 45, 93, 99, 180, 190, 194, 257, 289, 320, 321, 330, 388, 416], "summary": {"covered_lines": 27, "num_statements": 38, "percent_covered": 71.05263157894737, "percent_covered_display": "71", "missing_lines": 11, "excluded_lines": 0}, "missing_lines": [366, 367, 369, 389, 390, 396, 402, 408, 413, 424, 426], "excluded_lines": []}}}, "jaxvmas/make_env.py": {"executed_lines": [5, 7, 8, 10, 11, 12, 15, 75, 76, 77, 78, 82, 96, 99, 100, 102], "summary": {"covered_lines": 16, "num_statements": 17, "percent_covered": 94.11764705882354, "percent_covered_display": "94", "missing_lines": 1, "excluded_lines": 0}, "missing_lines": [97], "excluded_lines": [], "functions": {"make_env": {"executed_lines": [75, 76, 77, 78, 82, 96, 99, 100, 102], "summary": {"covered_lines": 9, "num_statements": 10, "percent_covered": 90.0, "percent_covered_display": "90", "missing_lines": 1, "excluded_lines": 0}, "missing_lines": [97], "excluded_lines": []}, "": {"executed_lines": [5, 7, 8, 10, 11, 12, 15], "summary": {"covered_lines": 7, "num_statements": 7, "percent_covered": 100.0, "percent_covered_display": "100", "missing_lines": 0, "excluded_lines": 0}, "missing_lines": [], "excluded_lines": []}}, "classes": {"": {"executed_lines": [5, 7, 8, 10, 11, 12, 15, 75, 76, 77, 78, 82, 96, 99, 100, 102], "summary": {"covered_lines": 16, "num_statements": 17, "percent_covered": 94.11764705882354, "percent_covered_display": "94", "missing_lines": 1, "excluded_lines": 0}, "missing_lines": [97], "excluded_lines": []}}}, "jaxvmas/scenario/__init__.py": {"executed_lines": [4, 5, 6, 7, 10, 11, 12, 13, 14, 15, 16, 17, 18, 20, 21, 22, 23], "summary": {"covered_lines": 17, "num_statements": 17, "percent_covered": 100.0, "percent_covered_display": "100", "missing_lines": 0, "excluded_lines": 0}, "missing_lines": [], "excluded_lines": [], "functions": {"load": {"executed_lines": [11, 12, 13, 14, 15, 16, 17, 18, 20, 21, 22, 23], "summary": {"covered_lines": 12, "num_statements": 12, "percent_covered": 100.0, "percent_covered_display": "100", "missing_lines": 0, "excluded_lines": 0}, "missing_lines": [], "excluded_lines": []}, "": {"executed_lines": [4, 5, 6, 7, 10], "summary": {"covered_lines": 5, "num_statements": 5, "percent_covered": 100.0, "percent_covered_display": "100", "missing_lines": 0, "excluded_lines": 0}, "missing_lines": [], "excluded_lines": []}}, "classes": {"": {"executed_lines": [4, 5, 6, 7, 10, 11, 12, 13, 14, 15, 16, 17, 18, 20, 21, 22, 23], "summary": {"covered_lines": 17, "num_statements": 17, "percent_covered": 100.0, "percent_covered_display": "100", "missing_lines": 0, "excluded_lines": 0}, "missing_lines": [], "excluded_lines": []}}}, "jaxvmas/scenario/football.py": {"executed_lines": [], "summary": {"covered_lines": 0, "num_statements": 1392, "percent_covered": 0.0, "percent_covered_display": "0", "missing_lines": 1392, "excluded_lines": 0}, "missing_lines": [5, 7, 8, 9, 10, 12, 13, 14, 23, 24, 25, 26, 27, 30, 31, 41, 43, 53, 54, 55, 56, 65, 66, 68, 71, 72, 74, 76, 77, 78, 79, 80, 81, 85, 86, 87, 88, 89, 90, 91, 92, 93, 94, 95, 96, 97, 98, 99, 100, 101, 102, 103, 104, 105, 106, 107, 108, 109, 110, 111, 113, 114, 122, 123, 126, 131, 135, 137, 139, 141, 143, 145, 147, 149, 151, 153, 155, 157, 159, 161, 163, 165, 167, 169, 171, 173, 175, 177, 179, 208, 209, 210, 211, 212, 213, 214, 215, 216, 217, 218, 219, 221, 223, 224, 226, 230, 231, 233, 246, 251, 253, 255, 265, 266, 267, 268, 271, 272, 275, 278, 283, 288, 293, 298, 303, 305, 311, 312, 313, 316, 317, 318, 321, 322, 330, 332, 338, 341, 342, 343, 344, 345, 346, 348, 349, 352, 353, 354, 357, 358, 366, 368, 369, 371, 372, 374, 375, 381, 382, 383, 384, 385, 386, 387, 388, 389, 390, 391, 394, 395, 397, 402, 407, 409, 416, 421, 422, 424, 426, 427, 434, 436, 444, 445, 452, 454, 464, 465, 466, 468, 469, 471, 472, 473, 474, 475, 476, 478, 479, 480, 486, 487, 488, 492, 494, 503, 505, 513, 514, 515, 516, 517, 518, 519, 520, 521, 522, 523, 526, 528, 529, 531, 535, 536, 537, 539, 540, 543, 545, 546, 547, 548, 551, 552, 554, 565, 566, 568, 570, 571, 572, 573, 574, 576, 577, 579, 580, 582, 583, 584, 585, 591, 592, 598, 599, 600, 602, 604, 610, 614, 618, 622, 626, 627, 628, 629, 630, 631, 632, 633, 635, 645, 646, 647, 648, 649, 650, 655, 656, 657, 658, 659, 660, 661, 667, 668, 670, 683, 684, 685, 686, 687, 688, 690, 692, 693, 694, 695, 696, 697, 699, 707, 709, 717, 719, 720, 721, 724, 725, 726, 727, 728, 729, 732, 733, 734, 735, 736, 738, 745, 746, 747, 748, 749, 750, 751, 752, 753, 755, 758, 765, 766, 767, 768, 769, 770, 772, 774, 775, 776, 777, 779, 787, 789, 790, 794, 795, 799, 800, 801, 805, 810, 811, 812, 816, 817, 822, 823, 825, 828, 830, 831, 832, 833, 834, 835, 836, 837, 844, 845, 847, 849, 850, 853, 857, 861, 862, 863, 864, 865, 868, 869, 870, 871, 872, 873, 874, 875, 876, 877, 878, 883, 884, 885, 886, 887, 888, 890, 897, 900, 901, 903, 904, 905, 907, 910, 911, 912, 920, 922, 923, 925, 926, 928, 929, 930, 934, 935, 942, 945, 946, 947, 951, 952, 953, 954, 959, 961, 969, 972, 973, 974, 976, 978, 979, 982, 985, 986, 987, 989, 990, 991, 993, 994, 997, 998, 999, 1000, 1003, 1004, 1005, 1006, 1009, 1010, 1013, 1014, 1017, 1019, 1023, 1025, 1028, 1030, 1033, 1034, 1035, 1037, 1040, 1041, 1042, 1045, 1047, 1048, 1049, 1050, 1051, 1052, 1053, 1056, 1057, 1058, 1061, 1062, 1063, 1066, 1067, 1068, 1071, 1072, 1074, 1081, 1082, 1083, 1084, 1085, 1086, 1087, 1088, 1089, 1090, 1092, 1093, 1094, 1095, 1096, 1097, 1099, 1100, 1101, 1103, 1104, 1105, 1107, 1110, 1111, 1112, 1113, 1114, 1115, 1116, 1117, 1118, 1119, 1120, 1121, 1123, 1124, 1131, 1132, 1133, 1134, 1135, 1136, 1137, 1138, 1139, 1140, 1155, 1156, 1157, 1158, 1159, 1160, 1161, 1162, 1163, 1164, 1169, 1170, 1171, 1172, 1173, 1174, 1176, 1178, 1179, 1180, 1182, 1183, 1184, 1186, 1187, 1188, 1190, 1191, 1192, 1194, 1195, 1196, 1198, 1199, 1200, 1202, 1203, 1204, 1206, 1207, 1208, 1210, 1211, 1212, 1215, 1216, 1217, 1218, 1221, 1222, 1223, 1224, 1225, 1226, 1227, 1228, 1229, 1230, 1231, 1232, 1233, 1234, 1235, 1236, 1237, 1238, 1239, 1240, 1241, 1242, 1243, 1244, 1245, 1246, 1247, 1248, 1249, 1250, 1251, 1252, 1253, 1254, 1255, 1256, 1257, 1258, 1259, 1260, 1262, 1263, 1265, 1267, 1268, 1269, 1270, 1271, 1272, 1273, 1274, 1275, 1276, 1277, 1278, 1279, 1280, 1281, 1282, 1283, 1285, 1286, 1287, 1289, 1290, 1292, 1297, 1298, 1300, 1301, 1307, 1310, 1311, 1314, 1315, 1318, 1323, 1326, 1329, 1332, 1335, 1338, 1339, 1340, 1341, 1342, 1343, 1344, 1347, 1350, 1353, 1354, 1355, 1356, 1359, 1360, 1363, 1364, 1367, 1372, 1373, 1378, 1379, 1380, 1382, 1383, 1387, 1389, 1390, 1393, 1394, 1395, 1396, 1397, 1398, 1399, 1400, 1401, 1402, 1404, 1405, 1408, 1410, 1411, 1414, 1415, 1419, 1481, 1482, 1484, 1485, 1486, 1487, 1488, 1489, 1490, 1491, 1492, 1493, 1494, 1495, 1496, 1497, 1498, 1499, 1503, 1505, 1506, 1507, 1509, 1510, 1511, 1513, 1514, 1515, 1517, 1518, 1519, 1521, 1522, 1523, 1525, 1526, 1527, 1529, 1530, 1531, 1533, 1534, 1535, 1537, 1538, 1539, 1541, 1542, 1543, 1545, 1546, 1547, 1549, 1550, 1551, 1553, 1554, 1555, 1557, 1558, 1559, 1561, 1562, 1563, 1565, 1566, 1567, 1568, 1569, 1570, 1571, 1572, 1574, 1575, 1576, 1577, 1578, 1579, 1580, 1581, 1582, 1583, 1588, 1589, 1590, 1591, 1593, 1595, 1618, 1642, 1652, 1654, 1656, 1657, 1658, 1659, 1661, 1663, 1666, 1670, 1697, 1699, 1701, 1704, 1706, 1733, 1735, 1737, 1738, 1740, 1741, 1742, 1743, 1744, 1745, 1776, 1778, 1806, 1807, 1808, 1809, 1810, 1811, 1842, 1843, 1845, 1846, 1847, 1848, 1849, 1850, 1851, 1852, 1853, 1856, 1858, 1859, 1860, 1861, 1864, 1868, 1869, 1871, 1874, 1875, 1876, 1877, 1880, 1884, 1888, 1889, 1890, 1892, 1899, 1900, 1901, 1902, 1903, 1904, 1905, 1908, 1909, 1910, 1911, 1912, 1915, 1917, 1922, 1923, 1924, 1925, 1926, 1929, 1930, 1946, 1947, 1949, 1952, 1953, 1964, 1965, 1966, 1967, 1968, 1969, 1970, 1971, 1972, 1973, 1974, 1975, 1978, 1980, 1982, 1996, 1997, 1999, 2000, 2001, 2004, 2005, 2009, 2014, 2017, 2018, 2021, 2022, 2026, 2031, 2035, 2036, 2037, 2038, 2045, 2049, 2053, 2054, 2055, 2056, 2064, 2067, 2071, 2073, 2074, 2075, 2076, 2077, 2079, 2080, 2081, 2087, 2091, 2095, 2096, 2097, 2098, 2105, 2109, 2113, 2114, 2115, 2116, 2117, 2118, 2120, 2122, 2125, 2128, 2129, 2130, 2131, 2132, 2135, 2136, 2137, 2138, 2140, 2142, 2144, 2153, 2162, 2171, 2180, 2189, 2198, 2207, 2216, 2226, 2227, 2229, 2230, 2231, 2232, 2233, 2234, 2236, 2243, 2245, 2246, 2256, 2258, 2268, 2270, 2280, 2282, 2292, 2294, 2296, 2297, 2298, 2299, 2300, 2309, 2313, 2314, 2315, 2324, 2328, 2329, 2330, 2339, 2343, 2344, 2345, 2354, 2358, 2360, 2361, 2362, 2364, 2365, 2373, 2375, 2383, 2385, 2393, 2395, 2403, 2405, 2413, 2415, 2423, 2425, 2433, 2435, 2443, 2445, 2447, 2448, 2449, 2450, 2451, 2460, 2464, 2465, 2466, 2475, 2479, 2480, 2481, 2492, 2493, 2494, 2505, 2506, 2507, 2518, 2519, 2520, 2531, 2532, 2533, 2544, 2545, 2546, 2557, 2559, 2560, 2561, 2563, 2564, 2565, 2566, 2567, 2568, 2569, 2577, 2578, 2580, 2581, 2582, 2583, 2584, 2592, 2593, 2594, 2595, 2597, 2598, 2599, 2600, 2603, 2604, 2605, 2606, 2607, 2608, 2609, 2610, 2611, 2614, 2615, 2618, 2619, 2622, 2623, 2626, 2628, 2629, 2632, 2635, 2637, 2638, 2639, 2640, 2641, 2642, 2652, 2653, 2654, 2655, 2656, 2657, 2659, 2660, 2661, 2662, 2663, 2665, 2669, 2670, 2673, 2679, 2680, 2681, 2682, 2684, 2685, 2687, 2688, 2689, 2691, 2693, 2696, 2699, 2702, 2703, 2704, 2707, 2709, 2711, 2712, 2713, 2718, 2719, 2720, 2723, 2724, 2727, 2732, 2733, 2734, 2736, 2737, 2738, 2740, 2741, 2742, 2746, 2751, 2755, 2760, 2762, 2763, 2769, 2771, 2777, 2778, 2780, 2781, 2784, 2785, 2787, 2788, 2790, 2791, 2793, 2794, 2804, 2806, 2816, 2818, 2820, 2821, 2840, 2841, 2842, 2844, 2846, 2847, 2848, 2850, 2851, 2853, 2854, 2855, 2856, 2857, 2858, 2859, 2860, 2862, 2863, 2864, 2865, 2866, 2867, 2868, 2869, 2870, 2872, 2905, 2906, 2908, 2927, 2943, 2944, 2945, 2946, 2947, 2948, 2949, 2950, 2953, 2956, 2957, 2958, 2959, 2960, 2962, 2980, 2983, 3016, 3017, 3029, 3030, 3032, 3033, 3034, 3037, 3048, 3056, 3057, 3058, 3061, 3072, 3080, 3081, 3082, 3083, 3085, 3087, 3088, 3089, 3090, 3091, 3092, 3093, 3095, 3096, 3097, 3100, 3101, 3102, 3103, 3104, 3105, 3106, 3107, 3108, 3109, 3111, 3112, 3113, 3115, 3116, 3132, 3133, 3134, 3138, 3139, 3140, 3144, 3145, 3147, 3148, 3152, 3158, 3163, 3164, 3165, 3166, 3170, 3171, 3174, 3175, 3176, 3177, 3178, 3179, 3181, 3184, 3190, 3191, 3192, 3193, 3194, 3195, 3196, 3198, 3200, 3201, 3202, 3204, 3205, 3206, 3207, 3208, 3209, 3210, 3211, 3213, 3214, 3215, 3216, 3217, 3218, 3225, 3226, 3233, 3234, 3237, 3238, 3242, 3243, 3249, 3252, 3254, 3255, 3256, 3257, 3265, 3273, 3281, 3289, 3297, 3305, 3306, 3307, 3308, 3312, 3313, 3314, 3316, 3322, 3324, 3327, 3328, 3329, 3330, 3332, 3333, 3334, 3335, 3343, 3344, 3345, 3346, 3347, 3348, 3349, 3350, 3351, 3352, 3356, 3357, 3358, 3359, 3360, 3380, 3381], "excluded_lines": [], "functions": {"Splines.hermite": {"executed_lines": [], "summary": {"covered_lines": 0, "num_statements": 9, "percent_covered": 0.0, "percent_covered_display": "0", "missing_lines": 9, "excluded_lines": 0}, "missing_lines": [53, 54, 55, 56, 65, 66, 68, 71, 72], "excluded_lines": []}, "Splines.nPr": {"executed_lines": [], "summary": {"covered_lines": 0, "num_statements": 6, "percent_covered": 0.0, "percent_covered_display": "0", "missing_lines": 6, "excluded_lines": 0}, "missing_lines": [76, 77, 78, 79, 80, 81], "excluded_lines": []}, "AgentPolicy.create": {"executed_lines": [], "summary": {"covered_lines": 0, "num_statements": 27, "percent_covered": 0.0, "percent_covered_display": "0", "missing_lines": 27, "excluded_lines": 0}, "missing_lines": [122, 123, 126, 131, 135, 137, 139, 141, 143, 145, 147, 149, 151, 153, 155, 157, 159, 161, 163, 165, 167, 169, 171, 173, 175, 177, 179], "excluded_lines": []}, "AgentPolicy.get_dynamic_params": {"executed_lines": [], "summary": {"covered_lines": 0, "num_statements": 12, "percent_covered": 0.0, "percent_covered_display": "0", "missing_lines": 12, "excluded_lines": 0}, "missing_lines": [209, 210, 211, 212, 213, 214, 215, 216, 217, 218, 219, 221], "excluded_lines": []}, "AgentPolicy.init": {"executed_lines": [], "summary": {"covered_lines": 0, "num_statements": 9, "percent_covered": 0.0, "percent_covered_display": "0", "missing_lines": 9, "excluded_lines": 0}, "missing_lines": [224, 226, 230, 231, 233, 246, 251, 253, 255], "excluded_lines": []}, "AgentPolicy.reset": {"executed_lines": [], "summary": {"covered_lines": 0, "num_statements": 12, "percent_covered": 0.0, "percent_covered_display": "0", "missing_lines": 12, "excluded_lines": 0}, "missing_lines": [266, 267, 268, 271, 272, 275, 278, 283, 288, 293, 298, 303], "excluded_lines": []}, "AgentPolicy.dribble_policy": {"executed_lines": [], "summary": {"covered_lines": 0, "num_statements": 9, "percent_covered": 0.0, "percent_covered_display": "0", "missing_lines": 9, "excluded_lines": 0}, "missing_lines": [311, 312, 313, 316, 317, 318, 321, 322, 330], "excluded_lines": []}, "AgentPolicy.passing_policy": {"executed_lines": [], "summary": {"covered_lines": 0, "num_statements": 15, "percent_covered": 0.0, "percent_covered_display": "0", "missing_lines": 15, "excluded_lines": 0}, "missing_lines": [338, 341, 342, 343, 344, 345, 346, 348, 349, 352, 353, 354, 357, 358, 366], "excluded_lines": []}, "AgentPolicy.disable": {"executed_lines": [], "summary": {"covered_lines": 0, "num_statements": 1, "percent_covered": 0.0, "percent_covered_display": "0", "missing_lines": 1, "excluded_lines": 0}, "missing_lines": [369], "excluded_lines": []}, "AgentPolicy.enable": {"executed_lines": [], "summary": {"covered_lines": 0, "num_statements": 1, "percent_covered": 0.0, "percent_covered_display": "0", "missing_lines": 1, "excluded_lines": 0}, "missing_lines": [372], "excluded_lines": []}, "AgentPolicy.run": {"executed_lines": [], "summary": {"covered_lines": 0, "num_statements": 16, "percent_covered": 0.0, "percent_covered_display": "0", "missing_lines": 16, "excluded_lines": 0}, "missing_lines": [381, 382, 383, 384, 385, 386, 387, 388, 389, 390, 391, 394, 395, 397, 402, 407], "excluded_lines": []}, "AgentPolicy.dribble_to_goal": {"executed_lines": [], "summary": {"covered_lines": 0, "num_statements": 7, "percent_covered": 0.0, "percent_covered_display": "0", "missing_lines": 7, "excluded_lines": 0}, "missing_lines": [416, 421, 422, 424, 426, 427, 434], "excluded_lines": []}, "AgentPolicy.dribble": {"executed_lines": [], "summary": {"covered_lines": 0, "num_statements": 3, "percent_covered": 0.0, "percent_covered_display": "0", "missing_lines": 3, "excluded_lines": 0}, "missing_lines": [444, 445, 452], "excluded_lines": []}, "AgentPolicy.update_dribble": {"executed_lines": [], "summary": {"covered_lines": 0, "num_statements": 20, "percent_covered": 0.0, "percent_covered_display": "0", "missing_lines": 20, "excluded_lines": 0}, "missing_lines": [464, 465, 466, 468, 469, 471, 472, 473, 474, 475, 476, 478, 479, 480, 486, 487, 488, 492, 494, 503], "excluded_lines": []}, "AgentPolicy.shoot": {"executed_lines": [], "summary": {"covered_lines": 0, "num_statements": 21, "percent_covered": 0.0, "percent_covered_display": "0", "missing_lines": 21, "excluded_lines": 0}, "missing_lines": [513, 514, 515, 516, 517, 518, 519, 520, 521, 522, 523, 526, 528, 529, 531, 535, 536, 537, 539, 540, 543], "excluded_lines": []}, "AgentPolicy.combine_mask": {"executed_lines": [], "summary": {"covered_lines": 0, "num_statements": 5, "percent_covered": 0.0, "percent_covered_display": "0", "missing_lines": 5, "excluded_lines": 0}, "missing_lines": [546, 547, 548, 551, 552], "excluded_lines": []}, "AgentPolicy.go_to": {"executed_lines": [], "summary": {"covered_lines": 0, "num_statements": 35, "percent_covered": 0.0, "percent_covered_display": "0", "missing_lines": 35, "excluded_lines": 0}, "missing_lines": [565, 566, 568, 570, 571, 572, 573, 574, 576, 577, 579, 580, 582, 583, 584, 585, 591, 592, 598, 599, 600, 602, 604, 610, 614, 618, 622, 626, 627, 628, 629, 630, 631, 632, 633], "excluded_lines": []}, "AgentPolicy.get_start_vel": {"executed_lines": [], "summary": {"covered_lines": 0, "num_statements": 15, "percent_covered": 0.0, "percent_covered_display": "0", "missing_lines": 15, "excluded_lines": 0}, "missing_lines": [645, 646, 647, 648, 649, 650, 655, 656, 657, 658, 659, 660, 661, 667, 668], "excluded_lines": []}, "AgentPolicy.get_action": {"executed_lines": [], "summary": {"covered_lines": 0, "num_statements": 31, "percent_covered": 0.0, "percent_covered_display": "0", "missing_lines": 31, "excluded_lines": 0}, "missing_lines": [683, 684, 685, 686, 687, 688, 690, 692, 693, 694, 695, 696, 697, 699, 707, 709, 717, 719, 720, 721, 724, 725, 726, 727, 728, 729, 732, 733, 734, 735, 736], "excluded_lines": []}, "AgentPolicy.get_rel_ang": {"executed_lines": [], "summary": {"covered_lines": 0, "num_statements": 9, "percent_covered": 0.0, "percent_covered_display": "0", "missing_lines": 9, "excluded_lines": 0}, "missing_lines": [745, 746, 747, 748, 749, 750, 751, 752, 753], "excluded_lines": []}, "AgentPolicy.plot_traj": {"executed_lines": [], "summary": {"covered_lines": 0, "num_statements": 29, "percent_covered": 0.0, "percent_covered_display": "0", "missing_lines": 29, "excluded_lines": 0}, "missing_lines": [758, 765, 766, 767, 768, 769, 770, 772, 774, 775, 776, 777, 779, 787, 789, 790, 794, 795, 799, 800, 801, 805, 810, 811, 812, 816, 817, 822, 823], "excluded_lines": []}, "AgentPolicy.clamp_pos": {"executed_lines": [], "summary": {"covered_lines": 0, "num_statements": 12, "percent_covered": 0.0, "percent_covered_display": "0", "missing_lines": 12, "excluded_lines": 0}, "missing_lines": [828, 830, 831, 832, 833, 834, 835, 836, 837, 844, 845, 847], "excluded_lines": []}, "AgentPolicy.check_possession": {"executed_lines": [], "summary": {"covered_lines": 0, "num_statements": 25, "percent_covered": 0.0, "percent_covered_display": "0", "missing_lines": 25, "excluded_lines": 0}, "missing_lines": [850, 853, 857, 861, 862, 863, 864, 865, 868, 869, 870, 871, 872, 873, 874, 875, 876, 877, 878, 883, 884, 885, 886, 887, 888], "excluded_lines": []}, "AgentPolicy.check_better_positions": {"executed_lines": [], "summary": {"covered_lines": 0, "num_statements": 29, "percent_covered": 0.0, "percent_covered_display": "0", "missing_lines": 29, "excluded_lines": 0}, "missing_lines": [897, 900, 901, 903, 904, 905, 907, 910, 911, 912, 920, 922, 923, 925, 926, 928, 929, 930, 934, 935, 942, 945, 946, 947, 951, 952, 953, 954, 959], "excluded_lines": []}, "AgentPolicy.get_pos_value": {"executed_lines": [], "summary": {"covered_lines": 0, "num_statements": 42, "percent_covered": 0.0, "percent_covered_display": "0", "missing_lines": 42, "excluded_lines": 0}, "missing_lines": [969, 972, 973, 974, 976, 978, 979, 982, 985, 986, 987, 989, 990, 991, 993, 994, 997, 998, 999, 1000, 1003, 1004, 1005, 1006, 1009, 1010, 1013, 1014, 1017, 1019, 1023, 1025, 1028, 1030, 1033, 1034, 1035, 1037, 1040, 1041, 1042, 1045], "excluded_lines": []}, "AgentPolicy.get_wall_separations": {"executed_lines": [], "summary": {"covered_lines": 0, "num_statements": 17, "percent_covered": 0.0, "percent_covered_display": "0", "missing_lines": 17, "excluded_lines": 0}, "missing_lines": [1048, 1049, 1050, 1051, 1052, 1053, 1056, 1057, 1058, 1061, 1062, 1063, 1066, 1067, 1068, 1071, 1072], "excluded_lines": []}, "AgentPolicy.get_separations": {"executed_lines": [], "summary": {"covered_lines": 0, "num_statements": 23, "percent_covered": 0.0, "percent_covered_display": "0", "missing_lines": 23, "excluded_lines": 0}, "missing_lines": [1081, 1082, 1083, 1084, 1085, 1086, 1087, 1088, 1089, 1090, 1092, 1093, 1094, 1095, 1096, 1097, 1099, 1100, 1101, 1103, 1104, 1105, 1107], "excluded_lines": []}, "FootballWorld.create": {"executed_lines": [], "summary": {"covered_lines": 0, "num_statements": 10, "percent_covered": 0.0, "percent_covered_display": "0", "missing_lines": 10, "excluded_lines": 0}, "missing_lines": [1131, 1132, 1133, 1134, 1135, 1136, 1137, 1138, 1139, 1140], "excluded_lines": []}, "FootballWorld.replace": {"executed_lines": [], "summary": {"covered_lines": 0, "num_statements": 16, "percent_covered": 0.0, "percent_covered_display": "0", "missing_lines": 16, "excluded_lines": 0}, "missing_lines": [1156, 1157, 1158, 1159, 1160, 1161, 1162, 1163, 1164, 1169, 1170, 1171, 1172, 1173, 1174, 1176], "excluded_lines": []}, "FootballWorld.blue_agents": {"executed_lines": [], "summary": {"covered_lines": 0, "num_statements": 1, "percent_covered": 0.0, "percent_covered_display": "0", "missing_lines": 1, "excluded_lines": 0}, "missing_lines": [1180], "excluded_lines": []}, "FootballWorld.red_agents": {"executed_lines": [], "summary": {"covered_lines": 0, "num_statements": 1, "percent_covered": 0.0, "percent_covered_display": "0", "missing_lines": 1, "excluded_lines": 0}, "missing_lines": [1184], "excluded_lines": []}, "FootballWorld.ball": {"executed_lines": [], "summary": {"covered_lines": 0, "num_statements": 1, "percent_covered": 0.0, "percent_covered_display": "0", "missing_lines": 1, "excluded_lines": 0}, "missing_lines": [1188], "excluded_lines": []}, "FootballWorld.right_top_wall": {"executed_lines": [], "summary": {"covered_lines": 0, "num_statements": 1, "percent_covered": 0.0, "percent_covered_display": "0", "missing_lines": 1, "excluded_lines": 0}, "missing_lines": [1192], "excluded_lines": []}, "FootballWorld.left_top_wall": {"executed_lines": [], "summary": {"covered_lines": 0, "num_statements": 1, "percent_covered": 0.0, "percent_covered_display": "0", "missing_lines": 1, "excluded_lines": 0}, "missing_lines": [1196], "excluded_lines": []}, "FootballWorld.right_bottom_wall": {"executed_lines": [], "summary": {"covered_lines": 0, "num_statements": 1, "percent_covered": 0.0, "percent_covered_display": "0", "missing_lines": 1, "excluded_lines": 0}, "missing_lines": [1200], "excluded_lines": []}, "FootballWorld.left_bottom_wall": {"executed_lines": [], "summary": {"covered_lines": 0, "num_statements": 1, "percent_covered": 0.0, "percent_covered_display": "0", "missing_lines": 1, "excluded_lines": 0}, "missing_lines": [1204], "excluded_lines": []}, "FootballWorld.blue_net": {"executed_lines": [], "summary": {"covered_lines": 0, "num_statements": 1, "percent_covered": 0.0, "percent_covered_display": "0", "missing_lines": 1, "excluded_lines": 0}, "missing_lines": [1208], "excluded_lines": []}, "FootballWorld.red_net": {"executed_lines": [], "summary": {"covered_lines": 0, "num_statements": 1, "percent_covered": 0.0, "percent_covered_display": "0", "missing_lines": 1, "excluded_lines": 0}, "missing_lines": [1212], "excluded_lines": []}, "Scenario.create": {"executed_lines": [], "summary": {"covered_lines": 0, "num_statements": 67, "percent_covered": 0.0, "percent_covered_display": "0", "missing_lines": 67, "excluded_lines": 0}, "missing_lines": [1287, 1289, 1290, 1292, 1297, 1298, 1300, 1301, 1307, 1310, 1311, 1314, 1315, 1318, 1323, 1326, 1329, 1332, 1335, 1338, 1339, 1340, 1341, 1342, 1343, 1344, 1347, 1350, 1353, 1354, 1355, 1356, 1359, 1360, 1363, 1364, 1367, 1372, 1373, 1378, 1379, 1380, 1382, 1383, 1387, 1389, 1390, 1393, 1394, 1395, 1396, 1397, 1398, 1399, 1400, 1401, 1402, 1404, 1405, 1408, 1410, 1411, 1414, 1415, 1419, 1481, 1482], "excluded_lines": []}, "Scenario.replace": {"executed_lines": [], "summary": {"covered_lines": 0, "num_statements": 16, "percent_covered": 0.0, "percent_covered_display": "0", "missing_lines": 16, "excluded_lines": 0}, "missing_lines": [1485, 1486, 1487, 1488, 1489, 1490, 1491, 1492, 1493, 1494, 1495, 1496, 1497, 1498, 1499, 1503], "excluded_lines": []}, "Scenario.red_controller": {"executed_lines": [], "summary": {"covered_lines": 0, "num_statements": 1, "percent_covered": 0.0, "percent_covered_display": "0", "missing_lines": 1, "excluded_lines": 0}, "missing_lines": [1507], "excluded_lines": []}, "Scenario.blue_controller": {"executed_lines": [], "summary": {"covered_lines": 0, "num_statements": 1, "percent_covered": 0.0, "percent_covered_display": "0", "missing_lines": 1, "excluded_lines": 0}, "missing_lines": [1511], "excluded_lines": []}, "Scenario.blue_agents": {"executed_lines": [], "summary": {"covered_lines": 0, "num_statements": 1, "percent_covered": 0.0, "percent_covered_display": "0", "missing_lines": 1, "excluded_lines": 0}, "missing_lines": [1515], "excluded_lines": []}, "Scenario.red_agents": {"executed_lines": [], "summary": {"covered_lines": 0, "num_statements": 1, "percent_covered": 0.0, "percent_covered_display": "0", "missing_lines": 1, "excluded_lines": 0}, "missing_lines": [1519], "excluded_lines": []}, "Scenario.ball": {"executed_lines": [], "summary": {"covered_lines": 0, "num_statements": 1, "percent_covered": 0.0, "percent_covered_display": "0", "missing_lines": 1, "excluded_lines": 0}, "missing_lines": [1523], "excluded_lines": []}, "Scenario.background": {"executed_lines": [], "summary": {"covered_lines": 0, "num_statements": 1, "percent_covered": 0.0, "percent_covered_display": "0", "missing_lines": 1, "excluded_lines": 0}, "missing_lines": [1527], "excluded_lines": []}, "Scenario.centre_circle_outer": {"executed_lines": [], "summary": {"covered_lines": 0, "num_statements": 1, "percent_covered": 0.0, "percent_covered_display": "0", "missing_lines": 1, "excluded_lines": 0}, "missing_lines": [1531], "excluded_lines": []}, "Scenario.centre_circle_inner": {"executed_lines": [], "summary": {"covered_lines": 0, "num_statements": 1, "percent_covered": 0.0, "percent_covered_display": "0", "missing_lines": 1, "excluded_lines": 0}, "missing_lines": [1535], "excluded_lines": []}, "Scenario.right_top_wall": {"executed_lines": [], "summary": {"covered_lines": 0, "num_statements": 1, "percent_covered": 0.0, "percent_covered_display": "0", "missing_lines": 1, "excluded_lines": 0}, "missing_lines": [1539], "excluded_lines": []}, "Scenario.left_top_wall": {"executed_lines": [], "summary": {"covered_lines": 0, "num_statements": 1, "percent_covered": 0.0, "percent_covered_display": "0", "missing_lines": 1, "excluded_lines": 0}, "missing_lines": [1543], "excluded_lines": []}, "Scenario.right_bottom_wall": {"executed_lines": [], "summary": {"covered_lines": 0, "num_statements": 1, "percent_covered": 0.0, "percent_covered_display": "0", "missing_lines": 1, "excluded_lines": 0}, "missing_lines": [1547], "excluded_lines": []}, "Scenario.left_bottom_wall": {"executed_lines": [], "summary": {"covered_lines": 0, "num_statements": 1, "percent_covered": 0.0, "percent_covered_display": "0", "missing_lines": 1, "excluded_lines": 0}, "missing_lines": [1551], "excluded_lines": []}, "Scenario.blue_net": {"executed_lines": [], "summary": {"covered_lines": 0, "num_statements": 1, "percent_covered": 0.0, "percent_covered_display": "0", "missing_lines": 1, "excluded_lines": 0}, "missing_lines": [1555], "excluded_lines": []}, "Scenario.red_net": {"executed_lines": [], "summary": {"covered_lines": 0, "num_statements": 1, "percent_covered": 0.0, "percent_covered_display": "0", "missing_lines": 1, "excluded_lines": 0}, "missing_lines": [1559], "excluded_lines": []}, "Scenario.traj_points": {"executed_lines": [], "summary": {"covered_lines": 0, "num_statements": 1, "percent_covered": 0.0, "percent_covered_display": "0", "missing_lines": 1, "excluded_lines": 0}, "missing_lines": [1563], "excluded_lines": []}, "Scenario.make_world": {"executed_lines": [], "summary": {"covered_lines": 0, "num_statements": 7, "percent_covered": 0.0, "percent_covered_display": "0", "missing_lines": 7, "excluded_lines": 0}, "missing_lines": [1566, 1567, 1568, 1569, 1570, 1571, 1572], "excluded_lines": []}, "Scenario.reset_world_at": {"executed_lines": [], "summary": {"covered_lines": 0, "num_statements": 12, "percent_covered": 0.0, "percent_covered_display": "0", "missing_lines": 12, "excluded_lines": 0}, "missing_lines": [1576, 1577, 1578, 1579, 1580, 1581, 1582, 1583, 1588, 1589, 1590, 1591], "excluded_lines": []}, "Scenario.init_world": {"executed_lines": [], "summary": {"covered_lines": 0, "num_statements": 4, "percent_covered": 0.0, "percent_covered_display": "0", "missing_lines": 4, "excluded_lines": 0}, "missing_lines": [1595, 1618, 1642, 1652], "excluded_lines": []}, "Scenario.init_agents": {"executed_lines": [], "summary": {"covered_lines": 0, "num_statements": 14, "percent_covered": 0.0, "percent_covered_display": "0", "missing_lines": 14, "excluded_lines": 0}, "missing_lines": [1656, 1657, 1658, 1659, 1661, 1663, 1666, 1670, 1697, 1699, 1701, 1706, 1733, 1735], "excluded_lines": []}, "Scenario.init_agents.action_script": {"executed_lines": [], "summary": {"covered_lines": 0, "num_statements": 1, "percent_covered": 0.0, "percent_covered_display": "0", "missing_lines": 1, "excluded_lines": 0}, "missing_lines": [1704], "excluded_lines": []}, "Scenario.get_physically_different_agents": {"executed_lines": [], "summary": {"covered_lines": 0, "num_statements": 6, "percent_covered": 0.0, "percent_covered_display": "0", "missing_lines": 6, "excluded_lines": 0}, "missing_lines": [1738, 1740, 1776, 1806, 1842, 1843], "excluded_lines": []}, "Scenario.get_physically_different_agents.attacker": {"executed_lines": [], "summary": {"covered_lines": 0, "num_statements": 5, "percent_covered": 0.0, "percent_covered_display": "0", "missing_lines": 5, "excluded_lines": 0}, "missing_lines": [1741, 1742, 1743, 1744, 1745], "excluded_lines": []}, "Scenario.get_physically_different_agents.defender": {"executed_lines": [], "summary": {"covered_lines": 0, "num_statements": 1, "percent_covered": 0.0, "percent_covered_display": "0", "missing_lines": 1, "excluded_lines": 0}, "missing_lines": [1778], "excluded_lines": []}, "Scenario.get_physically_different_agents.goal_keeper": {"executed_lines": [], "summary": {"covered_lines": 0, "num_statements": 5, "percent_covered": 0.0, "percent_covered_display": "0", "missing_lines": 5, "excluded_lines": 0}, "missing_lines": [1807, 1808, 1809, 1810, 1811], "excluded_lines": []}, "Scenario.reset_agents": {"executed_lines": [], "summary": {"covered_lines": 0, "num_statements": 25, "percent_covered": 0.0, "percent_covered_display": "0", "missing_lines": 25, "excluded_lines": 0}, "missing_lines": [1847, 1848, 1849, 1850, 1851, 1852, 1853, 1856, 1858, 1859, 1860, 1861, 1864, 1868, 1869, 1871, 1874, 1875, 1876, 1877, 1880, 1884, 1888, 1889, 1890], "excluded_lines": []}, "Scenario._spawn_formation": {"executed_lines": [], "summary": {"covered_lines": 0, "num_statements": 23, "percent_covered": 0.0, "percent_covered_display": "0", "missing_lines": 23, "excluded_lines": 0}, "missing_lines": [1899, 1900, 1901, 1902, 1903, 1904, 1905, 1908, 1909, 1910, 1911, 1912, 1915, 1917, 1922, 1923, 1924, 1925, 1926, 1929, 1930, 1946, 1947], "excluded_lines": []}, "Scenario._get_random_spawn_position": {"executed_lines": [], "summary": {"covered_lines": 0, "num_statements": 2, "percent_covered": 0.0, "percent_covered_display": "0", "missing_lines": 2, "excluded_lines": 0}, "missing_lines": [1952, 1953], "excluded_lines": []}, "Scenario.reset_controllers": {"executed_lines": [], "summary": {"covered_lines": 0, "num_statements": 12, "percent_covered": 0.0, "percent_covered_display": "0", "missing_lines": 12, "excluded_lines": 0}, "missing_lines": [1965, 1966, 1967, 1968, 1969, 1970, 1971, 1972, 1973, 1974, 1975, 1978], "excluded_lines": []}, "Scenario.init_ball": {"executed_lines": [], "summary": {"covered_lines": 0, "num_statements": 3, "percent_covered": 0.0, "percent_covered_display": "0", "missing_lines": 3, "excluded_lines": 0}, "missing_lines": [1982, 1996, 1997], "excluded_lines": []}, "Scenario.reset_ball": {"executed_lines": [], "summary": {"covered_lines": 0, "num_statements": 48, "percent_covered": 0.0, "percent_covered_display": "0", "missing_lines": 48, "excluded_lines": 0}, "missing_lines": [2000, 2001, 2004, 2005, 2009, 2014, 2017, 2018, 2021, 2022, 2026, 2031, 2035, 2036, 2037, 2038, 2045, 2049, 2053, 2054, 2055, 2056, 2064, 2067, 2071, 2073, 2074, 2075, 2076, 2077, 2079, 2080, 2081, 2087, 2091, 2095, 2096, 2097, 2098, 2105, 2109, 2113, 2114, 2115, 2116, 2117, 2118, 2120], "excluded_lines": []}, "Scenario.get_closest_agent_to_ball": {"executed_lines": [], "summary": {"covered_lines": 0, "num_statements": 11, "percent_covered": 0.0, "percent_covered_display": "0", "missing_lines": 11, "excluded_lines": 0}, "missing_lines": [2125, 2128, 2129, 2130, 2131, 2132, 2135, 2136, 2137, 2138, 2140], "excluded_lines": []}, "Scenario.init_background": {"executed_lines": [], "summary": {"covered_lines": 0, "num_statements": 11, "percent_covered": 0.0, "percent_covered_display": "0", "missing_lines": 11, "excluded_lines": 0}, "missing_lines": [2144, 2153, 2162, 2171, 2180, 2189, 2198, 2207, 2216, 2226, 2227], "excluded_lines": []}, "Scenario.render_field": {"executed_lines": [], "summary": {"covered_lines": 0, "num_statements": 7, "percent_covered": 0.0, "percent_covered_display": "0", "missing_lines": 7, "excluded_lines": 0}, "missing_lines": [2230, 2231, 2232, 2233, 2234, 2236, 2243], "excluded_lines": []}, "Scenario.init_walls": {"executed_lines": [], "summary": {"covered_lines": 0, "num_statements": 9, "percent_covered": 0.0, "percent_covered_display": "0", "missing_lines": 9, "excluded_lines": 0}, "missing_lines": [2246, 2256, 2258, 2268, 2270, 2280, 2282, 2292, 2294], "excluded_lines": []}, "Scenario.reset_walls": {"executed_lines": [], "summary": {"covered_lines": 0, "num_statements": 21, "percent_covered": 0.0, "percent_covered_display": "0", "missing_lines": 21, "excluded_lines": 0}, "missing_lines": [2297, 2298, 2299, 2300, 2309, 2313, 2314, 2315, 2324, 2328, 2329, 2330, 2339, 2343, 2344, 2345, 2354, 2358, 2360, 2361, 2362], "excluded_lines": []}, "Scenario.init_goals": {"executed_lines": [], "summary": {"covered_lines": 0, "num_statements": 17, "percent_covered": 0.0, "percent_covered_display": "0", "missing_lines": 17, "excluded_lines": 0}, "missing_lines": [2365, 2373, 2375, 2383, 2385, 2393, 2395, 2403, 2405, 2413, 2415, 2423, 2425, 2433, 2435, 2443, 2445], "excluded_lines": []}, "Scenario.reset_goals": {"executed_lines": [], "summary": {"covered_lines": 0, "num_statements": 31, "percent_covered": 0.0, "percent_covered_display": "0", "missing_lines": 31, "excluded_lines": 0}, "missing_lines": [2448, 2449, 2450, 2451, 2460, 2464, 2465, 2466, 2475, 2479, 2480, 2481, 2492, 2493, 2494, 2505, 2506, 2507, 2518, 2519, 2520, 2531, 2532, 2533, 2544, 2545, 2546, 2557, 2559, 2560, 2561], "excluded_lines": []}, "Scenario.init_traj_pts": {"executed_lines": [], "summary": {"covered_lines": 0, "num_statements": 17, "percent_covered": 0.0, "percent_covered_display": "0", "missing_lines": 17, "excluded_lines": 0}, "missing_lines": [2564, 2565, 2566, 2567, 2568, 2569, 2577, 2578, 2580, 2581, 2582, 2583, 2584, 2592, 2593, 2594, 2595], "excluded_lines": []}, "Scenario.process_action": {"executed_lines": [], "summary": {"covered_lines": 0, "num_statements": 34, "percent_covered": 0.0, "percent_covered_display": "0", "missing_lines": 34, "excluded_lines": 0}, "missing_lines": [2599, 2600, 2603, 2604, 2605, 2606, 2607, 2608, 2609, 2610, 2611, 2614, 2615, 2618, 2619, 2622, 2623, 2626, 2628, 2629, 2632, 2635, 2637, 2638, 2639, 2640, 2641, 2642, 2652, 2653, 2654, 2655, 2656, 2657], "excluded_lines": []}, "Scenario.pre_step": {"executed_lines": [], "summary": {"covered_lines": 0, "num_statements": 13, "percent_covered": 0.0, "percent_covered_display": "0", "missing_lines": 13, "excluded_lines": 0}, "missing_lines": [2661, 2662, 2663, 2665, 2669, 2670, 2673, 2679, 2680, 2681, 2682, 2684, 2685], "excluded_lines": []}, "Scenario.reward": {"executed_lines": [], "summary": {"covered_lines": 0, "num_statements": 25, "percent_covered": 0.0, "percent_covered_display": "0", "missing_lines": 25, "excluded_lines": 0}, "missing_lines": [2689, 2691, 2693, 2696, 2699, 2702, 2703, 2704, 2707, 2709, 2711, 2712, 2713, 2718, 2719, 2720, 2723, 2724, 2727, 2732, 2733, 2734, 2736, 2737, 2738], "excluded_lines": []}, "Scenario.reward_ball_to_goal": {"executed_lines": [], "summary": {"covered_lines": 0, "num_statements": 12, "percent_covered": 0.0, "percent_covered_display": "0", "missing_lines": 12, "excluded_lines": 0}, "missing_lines": [2741, 2742, 2746, 2751, 2755, 2760, 2762, 2763, 2769, 2771, 2777, 2778], "excluded_lines": []}, "Scenario.reward_all_agent_to_ball": {"executed_lines": [], "summary": {"covered_lines": 0, "num_statements": 13, "percent_covered": 0.0, "percent_covered_display": "0", "missing_lines": 13, "excluded_lines": 0}, "missing_lines": [2781, 2784, 2785, 2787, 2788, 2790, 2791, 2793, 2794, 2804, 2806, 2816, 2818], "excluded_lines": []}, "Scenario.observation": {"executed_lines": [], "summary": {"covered_lines": 0, "num_statements": 29, "percent_covered": 0.0, "percent_covered_display": "0", "missing_lines": 29, "excluded_lines": 0}, "missing_lines": [2840, 2841, 2842, 2844, 2846, 2847, 2848, 2850, 2851, 2853, 2854, 2855, 2856, 2857, 2858, 2859, 2860, 2862, 2863, 2864, 2865, 2866, 2867, 2868, 2869, 2870, 2872, 2905, 2906], "excluded_lines": []}, "Scenario.observation_base": {"executed_lines": [], "summary": {"covered_lines": 0, "num_statements": 37, "percent_covered": 0.0, "percent_covered_display": "0", "missing_lines": 37, "excluded_lines": 0}, "missing_lines": [2927, 2943, 2944, 2945, 2946, 2947, 2948, 2949, 2950, 2953, 2956, 2957, 2958, 2959, 2960, 2962, 2980, 2983, 3016, 3017, 3029, 3030, 3032, 3033, 3034, 3037, 3048, 3056, 3057, 3058, 3061, 3072, 3080, 3081, 3082, 3083, 3085], "excluded_lines": []}, "Scenario.done": {"executed_lines": [], "summary": {"covered_lines": 0, "num_statements": 5, "percent_covered": 0.0, "percent_covered_display": "0", "missing_lines": 5, "excluded_lines": 0}, "missing_lines": [3089, 3090, 3091, 3092, 3093], "excluded_lines": []}, "Scenario._compute_coverage": {"executed_lines": [], "summary": {"covered_lines": 0, "num_statements": 12, "percent_covered": 0.0, "percent_covered_display": "0", "missing_lines": 12, "excluded_lines": 0}, "missing_lines": [3096, 3097, 3100, 3101, 3102, 3103, 3104, 3105, 3106, 3107, 3108, 3109], "excluded_lines": []}, "Scenario.info": {"executed_lines": [], "summary": {"covered_lines": 0, "num_statements": 11, "percent_covered": 0.0, "percent_covered_display": "0", "missing_lines": 11, "excluded_lines": 0}, "missing_lines": [3113, 3115, 3116, 3132, 3133, 3134, 3138, 3139, 3140, 3144, 3145], "excluded_lines": []}, "Scenario.extra_render": {"executed_lines": [], "summary": {"covered_lines": 0, "num_statements": 25, "percent_covered": 0.0, "percent_covered_display": "0", "missing_lines": 25, "excluded_lines": 0}, "missing_lines": [3148, 3152, 3158, 3163, 3164, 3165, 3166, 3170, 3171, 3174, 3175, 3176, 3177, 3178, 3179, 3181, 3184, 3190, 3191, 3192, 3193, 3194, 3195, 3196, 3198], "excluded_lines": []}, "Scenario._get_background_geoms": {"executed_lines": [], "summary": {"covered_lines": 0, "num_statements": 15, "percent_covered": 0.0, "percent_covered_display": "0", "missing_lines": 15, "excluded_lines": 0}, "missing_lines": [3201, 3213, 3214, 3215, 3216, 3217, 3218, 3225, 3226, 3233, 3234, 3237, 3238, 3242, 3243], "excluded_lines": []}, "Scenario._get_background_geoms._get_geom": {"executed_lines": [], "summary": {"covered_lines": 0, "num_statements": 9, "percent_covered": 0.0, "percent_covered_display": "0", "missing_lines": 9, "excluded_lines": 0}, "missing_lines": [3202, 3204, 3205, 3206, 3207, 3208, 3209, 3210, 3211], "excluded_lines": []}, "get_ball_action_script": {"executed_lines": [], "summary": {"covered_lines": 0, "num_statements": 2, "percent_covered": 0.0, "percent_covered_display": "0", "missing_lines": 2, "excluded_lines": 0}, "missing_lines": [3252, 3324], "excluded_lines": []}, "get_ball_action_script.ball_action_script": {"executed_lines": [], "summary": {"covered_lines": 0, "num_statements": 18, "percent_covered": 0.0, "percent_covered_display": "0", "missing_lines": 18, "excluded_lines": 0}, "missing_lines": [3254, 3255, 3256, 3257, 3265, 3273, 3281, 3289, 3297, 3305, 3306, 3307, 3308, 3312, 3313, 3314, 3316, 3322], "excluded_lines": []}, "FootballAgent.create": {"executed_lines": [], "summary": {"covered_lines": 0, "num_statements": 2, "percent_covered": 0.0, "percent_covered_display": "0", "missing_lines": 2, "excluded_lines": 0}, "missing_lines": [3334, 3335], "excluded_lines": []}, "BallAgent.create": {"executed_lines": [], "summary": {"covered_lines": 0, "num_statements": 3, "percent_covered": 0.0, "percent_covered_display": "0", "missing_lines": 3, "excluded_lines": 0}, "missing_lines": [3358, 3359, 3360], "excluded_lines": []}, "": {"executed_lines": [], "summary": {"covered_lines": 0, "num_statements": 262, "percent_covered": 0.0, "percent_covered_display": "0", "missing_lines": 262, "excluded_lines": 0}, "missing_lines": [5, 7, 8, 9, 10, 12, 13, 14, 23, 24, 25, 26, 27, 30, 31, 41, 43, 74, 85, 86, 87, 88, 89, 90, 91, 92, 93, 94, 95, 96, 97, 98, 99, 100, 101, 102, 103, 104, 105, 106, 107, 108, 109, 110, 111, 113, 114, 208, 223, 265, 305, 332, 368, 371, 374, 375, 409, 436, 454, 505, 545, 554, 635, 670, 738, 755, 825, 849, 890, 961, 1047, 1074, 1110, 1111, 1112, 1113, 1114, 1115, 1116, 1117, 1118, 1119, 1120, 1121, 1123, 1124, 1155, 1178, 1179, 1182, 1183, 1186, 1187, 1190, 1191, 1194, 1195, 1198, 1199, 1202, 1203, 1206, 1207, 1210, 1211, 1215, 1216, 1217, 1218, 1221, 1222, 1223, 1224, 1225, 1226, 1227, 1228, 1229, 1230, 1231, 1232, 1233, 1234, 1235, 1236, 1237, 1238, 1239, 1240, 1241, 1242, 1243, 1244, 1245, 1246, 1247, 1248, 1249, 1250, 1251, 1252, 1253, 1254, 1255, 1256, 1257, 1258, 1259, 1260, 1262, 1263, 1265, 1267, 1268, 1269, 1270, 1271, 1272, 1273, 1274, 1275, 1276, 1277, 1278, 1279, 1280, 1281, 1282, 1283, 1285, 1286, 1484, 1505, 1506, 1509, 1510, 1513, 1514, 1517, 1518, 1521, 1522, 1525, 1526, 1529, 1530, 1533, 1534, 1537, 1538, 1541, 1542, 1545, 1546, 1549, 1550, 1553, 1554, 1557, 1558, 1561, 1562, 1565, 1574, 1575, 1593, 1654, 1737, 1845, 1846, 1892, 1949, 1964, 1980, 1999, 2122, 2142, 2229, 2245, 2296, 2364, 2447, 2563, 2597, 2598, 2659, 2660, 2687, 2688, 2740, 2780, 2820, 2821, 2908, 3087, 3088, 3095, 3111, 3112, 3147, 3200, 3249, 3327, 3328, 3329, 3330, 3332, 3333, 3343, 3344, 3345, 3346, 3347, 3348, 3349, 3350, 3351, 3352, 3356, 3357, 3380, 3381], "excluded_lines": []}}, "classes": {"Splines": {"executed_lines": [], "summary": {"covered_lines": 0, "num_statements": 15, "percent_covered": 0.0, "percent_covered_display": "0", "missing_lines": 15, "excluded_lines": 0}, "missing_lines": [53, 54, 55, 56, 65, 66, 68, 71, 72, 76, 77, 78, 79, 80, 81], "excluded_lines": []}, "AgentPolicy": {"executed_lines": [], "summary": {"covered_lines": 0, "num_statements": 425, "percent_covered": 0.0, "percent_covered_display": "0", "missing_lines": 425, "excluded_lines": 0}, "missing_lines": [122, 123, 126, 131, 135, 137, 139, 141, 143, 145, 147, 149, 151, 153, 155, 157, 159, 161, 163, 165, 167, 169, 171, 173, 175, 177, 179, 209, 210, 211, 212, 213, 214, 215, 216, 217, 218, 219, 221, 224, 226, 230, 231, 233, 246, 251, 253, 255, 266, 267, 268, 271, 272, 275, 278, 283, 288, 293, 298, 303, 311, 312, 313, 316, 317, 318, 321, 322, 330, 338, 341, 342, 343, 344, 345, 346, 348, 349, 352, 353, 354, 357, 358, 366, 369, 372, 381, 382, 383, 384, 385, 386, 387, 388, 389, 390, 391, 394, 395, 397, 402, 407, 416, 421, 422, 424, 426, 427, 434, 444, 445, 452, 464, 465, 466, 468, 469, 471, 472, 473, 474, 475, 476, 478, 479, 480, 486, 487, 488, 492, 494, 503, 513, 514, 515, 516, 517, 518, 519, 520, 521, 522, 523, 526, 528, 529, 531, 535, 536, 537, 539, 540, 543, 546, 547, 548, 551, 552, 565, 566, 568, 570, 571, 572, 573, 574, 576, 577, 579, 580, 582, 583, 584, 585, 591, 592, 598, 599, 600, 602, 604, 610, 614, 618, 622, 626, 627, 628, 629, 630, 631, 632, 633, 645, 646, 647, 648, 649, 650, 655, 656, 657, 658, 659, 660, 661, 667, 668, 683, 684, 685, 686, 687, 688, 690, 692, 693, 694, 695, 696, 697, 699, 707, 709, 717, 719, 720, 721, 724, 725, 726, 727, 728, 729, 732, 733, 734, 735, 736, 745, 746, 747, 748, 749, 750, 751, 752, 753, 758, 765, 766, 767, 768, 769, 770, 772, 774, 775, 776, 777, 779, 787, 789, 790, 794, 795, 799, 800, 801, 805, 810, 811, 812, 816, 817, 822, 823, 828, 830, 831, 832, 833, 834, 835, 836, 837, 844, 845, 847, 850, 853, 857, 861, 862, 863, 864, 865, 868, 869, 870, 871, 872, 873, 874, 875, 876, 877, 878, 883, 884, 885, 886, 887, 888, 897, 900, 901, 903, 904, 905, 907, 910, 911, 912, 920, 922, 923, 925, 926, 928, 929, 930, 934, 935, 942, 945, 946, 947, 951, 952, 953, 954, 959, 969, 972, 973, 974, 976, 978, 979, 982, 985, 986, 987, 989, 990, 991, 993, 994, 997, 998, 999, 1000, 1003, 1004, 1005, 1006, 1009, 1010, 1013, 1014, 1017, 1019, 1023, 1025, 1028, 1030, 1033, 1034, 1035, 1037, 1040, 1041, 1042, 1045, 1048, 1049, 1050, 1051, 1052, 1053, 1056, 1057, 1058, 1061, 1062, 1063, 1066, 1067, 1068, 1071, 1072, 1081, 1082, 1083, 1084, 1085, 1086, 1087, 1088, 1089, 1090, 1092, 1093, 1094, 1095, 1096, 1097, 1099, 1100, 1101, 1103, 1104, 1105, 1107], "excluded_lines": []}, "FootballWorld": {"executed_lines": [], "summary": {"covered_lines": 0, "num_statements": 35, "percent_covered": 0.0, "percent_covered_display": "0", "missing_lines": 35, "excluded_lines": 0}, "missing_lines": [1131, 1132, 1133, 1134, 1135, 1136, 1137, 1138, 1139, 1140, 1156, 1157, 1158, 1159, 1160, 1161, 1162, 1163, 1164, 1169, 1170, 1171, 1172, 1173, 1174, 1176, 1180, 1184, 1188, 1192, 1196, 1200, 1204, 1208, 1212], "excluded_lines": []}, "FootballColor": {"executed_lines": [], "summary": {"covered_lines": 0, "num_statements": 0, "percent_covered": 100.0, "percent_covered_display": "100", "missing_lines": 0, "excluded_lines": 0}, "missing_lines": [], "excluded_lines": []}, "Scenario": {"executed_lines": [], "summary": {"covered_lines": 0, "num_statements": 630, "percent_covered": 0.0, "percent_covered_display": "0", "missing_lines": 630, "excluded_lines": 0}, "missing_lines": [1287, 1289, 1290, 1292, 1297, 1298, 1300, 1301, 1307, 1310, 1311, 1314, 1315, 1318, 1323, 1326, 1329, 1332, 1335, 1338, 1339, 1340, 1341, 1342, 1343, 1344, 1347, 1350, 1353, 1354, 1355, 1356, 1359, 1360, 1363, 1364, 1367, 1372, 1373, 1378, 1379, 1380, 1382, 1383, 1387, 1389, 1390, 1393, 1394, 1395, 1396, 1397, 1398, 1399, 1400, 1401, 1402, 1404, 1405, 1408, 1410, 1411, 1414, 1415, 1419, 1481, 1482, 1485, 1486, 1487, 1488, 1489, 1490, 1491, 1492, 1493, 1494, 1495, 1496, 1497, 1498, 1499, 1503, 1507, 1511, 1515, 1519, 1523, 1527, 1531, 1535, 1539, 1543, 1547, 1551, 1555, 1559, 1563, 1566, 1567, 1568, 1569, 1570, 1571, 1572, 1576, 1577, 1578, 1579, 1580, 1581, 1582, 1583, 1588, 1589, 1590, 1591, 1595, 1618, 1642, 1652, 1656, 1657, 1658, 1659, 1661, 1663, 1666, 1670, 1697, 1699, 1701, 1704, 1706, 1733, 1735, 1738, 1740, 1741, 1742, 1743, 1744, 1745, 1776, 1778, 1806, 1807, 1808, 1809, 1810, 1811, 1842, 1843, 1847, 1848, 1849, 1850, 1851, 1852, 1853, 1856, 1858, 1859, 1860, 1861, 1864, 1868, 1869, 1871, 1874, 1875, 1876, 1877, 1880, 1884, 1888, 1889, 1890, 1899, 1900, 1901, 1902, 1903, 1904, 1905, 1908, 1909, 1910, 1911, 1912, 1915, 1917, 1922, 1923, 1924, 1925, 1926, 1929, 1930, 1946, 1947, 1952, 1953, 1965, 1966, 1967, 1968, 1969, 1970, 1971, 1972, 1973, 1974, 1975, 1978, 1982, 1996, 1997, 2000, 2001, 2004, 2005, 2009, 2014, 2017, 2018, 2021, 2022, 2026, 2031, 2035, 2036, 2037, 2038, 2045, 2049, 2053, 2054, 2055, 2056, 2064, 2067, 2071, 2073, 2074, 2075, 2076, 2077, 2079, 2080, 2081, 2087, 2091, 2095, 2096, 2097, 2098, 2105, 2109, 2113, 2114, 2115, 2116, 2117, 2118, 2120, 2125, 2128, 2129, 2130, 2131, 2132, 2135, 2136, 2137, 2138, 2140, 2144, 2153, 2162, 2171, 2180, 2189, 2198, 2207, 2216, 2226, 2227, 2230, 2231, 2232, 2233, 2234, 2236, 2243, 2246, 2256, 2258, 2268, 2270, 2280, 2282, 2292, 2294, 2297, 2298, 2299, 2300, 2309, 2313, 2314, 2315, 2324, 2328, 2329, 2330, 2339, 2343, 2344, 2345, 2354, 2358, 2360, 2361, 2362, 2365, 2373, 2375, 2383, 2385, 2393, 2395, 2403, 2405, 2413, 2415, 2423, 2425, 2433, 2435, 2443, 2445, 2448, 2449, 2450, 2451, 2460, 2464, 2465, 2466, 2475, 2479, 2480, 2481, 2492, 2493, 2494, 2505, 2506, 2507, 2518, 2519, 2520, 2531, 2532, 2533, 2544, 2545, 2546, 2557, 2559, 2560, 2561, 2564, 2565, 2566, 2567, 2568, 2569, 2577, 2578, 2580, 2581, 2582, 2583, 2584, 2592, 2593, 2594, 2595, 2599, 2600, 2603, 2604, 2605, 2606, 2607, 2608, 2609, 2610, 2611, 2614, 2615, 2618, 2619, 2622, 2623, 2626, 2628, 2629, 2632, 2635, 2637, 2638, 2639, 2640, 2641, 2642, 2652, 2653, 2654, 2655, 2656, 2657, 2661, 2662, 2663, 2665, 2669, 2670, 2673, 2679, 2680, 2681, 2682, 2684, 2685, 2689, 2691, 2693, 2696, 2699, 2702, 2703, 2704, 2707, 2709, 2711, 2712, 2713, 2718, 2719, 2720, 2723, 2724, 2727, 2732, 2733, 2734, 2736, 2737, 2738, 2741, 2742, 2746, 2751, 2755, 2760, 2762, 2763, 2769, 2771, 2777, 2778, 2781, 2784, 2785, 2787, 2788, 2790, 2791, 2793, 2794, 2804, 2806, 2816, 2818, 2840, 2841, 2842, 2844, 2846, 2847, 2848, 2850, 2851, 2853, 2854, 2855, 2856, 2857, 2858, 2859, 2860, 2862, 2863, 2864, 2865, 2866, 2867, 2868, 2869, 2870, 2872, 2905, 2906, 2927, 2943, 2944, 2945, 2946, 2947, 2948, 2949, 2950, 2953, 2956, 2957, 2958, 2959, 2960, 2962, 2980, 2983, 3016, 3017, 3029, 3030, 3032, 3033, 3034, 3037, 3048, 3056, 3057, 3058, 3061, 3072, 3080, 3081, 3082, 3083, 3085, 3089, 3090, 3091, 3092, 3093, 3096, 3097, 3100, 3101, 3102, 3103, 3104, 3105, 3106, 3107, 3108, 3109, 3113, 3115, 3116, 3132, 3133, 3134, 3138, 3139, 3140, 3144, 3145, 3148, 3152, 3158, 3163, 3164, 3165, 3166, 3170, 3171, 3174, 3175, 3176, 3177, 3178, 3179, 3181, 3184, 3190, 3191, 3192, 3193, 3194, 3195, 3196, 3198, 3201, 3202, 3204, 3205, 3206, 3207, 3208, 3209, 3210, 3211, 3213, 3214, 3215, 3216, 3217, 3218, 3225, 3226, 3233, 3234, 3237, 3238, 3242, 3243], "excluded_lines": []}, "FootballAgent": {"executed_lines": [], "summary": {"covered_lines": 0, "num_statements": 2, "percent_covered": 0.0, "percent_covered_display": "0", "missing_lines": 2, "excluded_lines": 0}, "missing_lines": [3334, 3335], "excluded_lines": []}, "BallAgent": {"executed_lines": [], "summary": {"covered_lines": 0, "num_statements": 3, "percent_covered": 0.0, "percent_covered_display": "0", "missing_lines": 3, "excluded_lines": 0}, "missing_lines": [3358, 3359, 3360], "excluded_lines": []}, "": {"executed_lines": [], "summary": {"covered_lines": 0, "num_statements": 282, "percent_covered": 0.0, "percent_covered_display": "0", "missing_lines": 282, "excluded_lines": 0}, "missing_lines": [5, 7, 8, 9, 10, 12, 13, 14, 23, 24, 25, 26, 27, 30, 31, 41, 43, 74, 85, 86, 87, 88, 89, 90, 91, 92, 93, 94, 95, 96, 97, 98, 99, 100, 101, 102, 103, 104, 105, 106, 107, 108, 109, 110, 111, 113, 114, 208, 223, 265, 305, 332, 368, 371, 374, 375, 409, 436, 454, 505, 545, 554, 635, 670, 738, 755, 825, 849, 890, 961, 1047, 1074, 1110, 1111, 1112, 1113, 1114, 1115, 1116, 1117, 1118, 1119, 1120, 1121, 1123, 1124, 1155, 1178, 1179, 1182, 1183, 1186, 1187, 1190, 1191, 1194, 1195, 1198, 1199, 1202, 1203, 1206, 1207, 1210, 1211, 1215, 1216, 1217, 1218, 1221, 1222, 1223, 1224, 1225, 1226, 1227, 1228, 1229, 1230, 1231, 1232, 1233, 1234, 1235, 1236, 1237, 1238, 1239, 1240, 1241, 1242, 1243, 1244, 1245, 1246, 1247, 1248, 1249, 1250, 1251, 1252, 1253, 1254, 1255, 1256, 1257, 1258, 1259, 1260, 1262, 1263, 1265, 1267, 1268, 1269, 1270, 1271, 1272, 1273, 1274, 1275, 1276, 1277, 1278, 1279, 1280, 1281, 1282, 1283, 1285, 1286, 1484, 1505, 1506, 1509, 1510, 1513, 1514, 1517, 1518, 1521, 1522, 1525, 1526, 1529, 1530, 1533, 1534, 1537, 1538, 1541, 1542, 1545, 1546, 1549, 1550, 1553, 1554, 1557, 1558, 1561, 1562, 1565, 1574, 1575, 1593, 1654, 1737, 1845, 1846, 1892, 1949, 1964, 1980, 1999, 2122, 2142, 2229, 2245, 2296, 2364, 2447, 2563, 2597, 2598, 2659, 2660, 2687, 2688, 2740, 2780, 2820, 2821, 2908, 3087, 3088, 3095, 3111, 3112, 3147, 3200, 3249, 3252, 3254, 3255, 3256, 3257, 3265, 3273, 3281, 3289, 3297, 3305, 3306, 3307, 3308, 3312, 3313, 3314, 3316, 3322, 3324, 3327, 3328, 3329, 3330, 3332, 3333, 3343, 3344, 3345, 3346, 3347, 3348, 3349, 3350, 3351, 3352, 3356, 3357, 3380, 3381], "excluded_lines": []}}}, "jaxvmas/scenario/mpe/__init__.py": {"executed_lines": [0], "summary": {"covered_lines": 0, "num_statements": 0, "percent_covered": 100.0, "percent_covered_display": "100", "missing_lines": 0, "excluded_lines": 0}, "missing_lines": [], "excluded_lines": [], "functions": {"": {"executed_lines": [], "summary": {"covered_lines": 0, "num_statements": 0, "percent_covered": 100.0, "percent_covered_display": "100", "missing_lines": 0, "excluded_lines": 0}, "missing_lines": [], "excluded_lines": []}}, "classes": {"": {"executed_lines": [], "summary": {"covered_lines": 0, "num_statements": 0, "percent_covered": 100.0, "percent_covered_display": "100", "missing_lines": 0, "excluded_lines": 0}, "missing_lines": [], "excluded_lines": []}}}, "jaxvmas/scenario/mpe/simple.py": {"executed_lines": [1, 2, 3, 5, 6, 7, 8, 11, 12, 13, 15, 18, 19, 24, 26, 27, 32, 34, 36, 37, 38, 39, 40, 61, 62, 63, 65, 66, 67, 68, 92, 93, 94, 96, 98, 99, 103, 105, 107, 108, 109, 110, 113], "summary": {"covered_lines": 43, "num_statements": 44, "percent_covered": 97.72727272727273, "percent_covered_display": "98", "missing_lines": 1, "excluded_lines": 0}, "missing_lines": [114], "excluded_lines": [], "functions": {"Scenario.make_world": {"executed_lines": [13, 15, 18, 19, 24, 26, 27, 32, 34], "summary": {"covered_lines": 9, "num_statements": 9, "percent_covered": 100.0, "percent_covered_display": "100", "missing_lines": 0, "excluded_lines": 0}, "missing_lines": [], "excluded_lines": []}, "Scenario.reset_world_at": {"executed_lines": [37, 38, 39, 40, 61, 62, 63, 65, 66, 67, 68, 92, 93, 94, 96], "summary": {"covered_lines": 15, "num_statements": 15, "percent_covered": 100.0, "percent_covered_display": "100", "missing_lines": 0, "excluded_lines": 0}, "missing_lines": [], "excluded_lines": []}, "Scenario.reward": {"executed_lines": [99, 103], "summary": {"covered_lines": 2, "num_statements": 2, "percent_covered": 100.0, "percent_covered_display": "100", "missing_lines": 0, "excluded_lines": 0}, "missing_lines": [], "excluded_lines": []}, "Scenario.observation": {"executed_lines": [107, 108, 109, 110], "summary": {"covered_lines": 4, "num_statements": 4, "percent_covered": 100.0, "percent_covered_display": "100", "missing_lines": 0, "excluded_lines": 0}, "missing_lines": [], "excluded_lines": []}, "": {"executed_lines": [1, 2, 3, 5, 6, 7, 8, 11, 12, 36, 98, 105, 113], "summary": {"covered_lines": 13, "num_statements": 14, "percent_covered": 92.85714285714286, "percent_covered_display": "93", "missing_lines": 1, "excluded_lines": 0}, "missing_lines": [114], "excluded_lines": []}}, "classes": {"Scenario": {"executed_lines": [13, 15, 18, 19, 24, 26, 27, 32, 34, 37, 38, 39, 40, 61, 62, 63, 65, 66, 67, 68, 92, 93, 94, 96, 99, 103, 107, 108, 109, 110], "summary": {"covered_lines": 30, "num_statements": 30, "percent_covered": 100.0, "percent_covered_display": "100", "missing_lines": 0, "excluded_lines": 0}, "missing_lines": [], "excluded_lines": []}, "": {"executed_lines": [1, 2, 3, 5, 6, 7, 8, 11, 12, 36, 98, 105, 113], "summary": {"covered_lines": 13, "num_statements": 14, "percent_covered": 92.85714285714286, "percent_covered_display": "93", "missing_lines": 1, "excluded_lines": 0}, "missing_lines": [114], "excluded_lines": []}}}, "jaxvmas/scenario/mpe/simple_test.py": {"executed_lines": [4, 5, 7, 8, 9, 10, 12, 13, 14, 15, 18, 27, 28, 29, 32, 33, 35, 36, 46, 47, 48, 49, 50, 51, 52, 54, 55, 56, 57, 58, 59, 60, 63, 64, 65, 68, 69, 70, 71, 72, 78, 81, 82, 84, 85, 86, 88, 89, 91, 92, 93, 94, 99, 100, 103, 104, 105, 106, 108, 109, 110, 112, 113, 115, 116, 119, 123, 126, 127, 128, 136, 141, 142, 143, 151, 156], "summary": {"covered_lines": 76, "num_statements": 79, "percent_covered": 96.20253164556962, "percent_covered_display": "96", "missing_lines": 3, "excluded_lines": 0}, "missing_lines": [117, 157, 159], "excluded_lines": [], "functions": {"run_heuristic": {"executed_lines": [27, 28, 29, 32, 33, 35, 36, 46, 47, 48, 49, 50, 51, 52, 54, 55, 56, 57, 58, 59, 60, 63, 64, 65, 68, 69, 70, 71, 72, 78, 81, 82, 84, 85, 86, 88, 89, 91, 92, 93, 94, 99, 100, 103, 104, 105, 106, 108, 109, 110, 112, 113, 115, 116, 119, 123], "summary": {"covered_lines": 56, "num_statements": 57, "percent_covered": 98.24561403508773, "percent_covered_display": "98", "missing_lines": 1, "excluded_lines": 0}, "missing_lines": [117], "excluded_lines": []}, "test_run_heuristic": {"executed_lines": [127, 128, 136], "summary": {"covered_lines": 3, "num_statements": 3, "percent_covered": 100.0, "percent_covered_display": "100", "missing_lines": 0, "excluded_lines": 0}, "missing_lines": [], "excluded_lines": []}, "test_run_heuristic_with_render": {"executed_lines": [142, 143, 151], "summary": {"covered_lines": 3, "num_statements": 3, "percent_covered": 100.0, "percent_covered_display": "100", "missing_lines": 0, "excluded_lines": 0}, "missing_lines": [], "excluded_lines": []}, "": {"executed_lines": [4, 5, 7, 8, 9, 10, 12, 13, 14, 15, 18, 126, 141, 156], "summary": {"covered_lines": 14, "num_statements": 16, "percent_covered": 87.5, "percent_covered_display": "88", "missing_lines": 2, "excluded_lines": 0}, "missing_lines": [157, 159], "excluded_lines": []}}, "classes": {"": {"executed_lines": [4, 5, 7, 8, 9, 10, 12, 13, 14, 15, 18, 27, 28, 29, 32, 33, 35, 36, 46, 47, 48, 49, 50, 51, 52, 54, 55, 56, 57, 58, 59, 60, 63, 64, 65, 68, 69, 70, 71, 72, 78, 81, 82, 84, 85, 86, 88, 89, 91, 92, 93, 94, 99, 100, 103, 104, 105, 106, 108, 109, 110, 112, 113, 115, 116, 119, 123, 126, 127, 128, 136, 141, 142, 143, 151, 156], "summary": {"covered_lines": 76, "num_statements": 79, "percent_covered": 96.20253164556962, "percent_covered_display": "96", "missing_lines": 3, "excluded_lines": 0}, "missing_lines": [117, 157, 159], "excluded_lines": []}}}, "jaxvmas/simulator/__init__.py": {"executed_lines": [0], "summary": {"covered_lines": 0, "num_statements": 0, "percent_covered": 100.0, "percent_covered_display": "100", "missing_lines": 0, "excluded_lines": 0}, "missing_lines": [], "excluded_lines": [], "functions": {"": {"executed_lines": [], "summary": {"covered_lines": 0, "num_statements": 0, "percent_covered": 100.0, "percent_covered_display": "100", "missing_lines": 0, "excluded_lines": 0}, "missing_lines": [], "excluded_lines": []}}, "classes": {"": {"executed_lines": [], "summary": {"covered_lines": 0, "num_statements": 0, "percent_covered": 100.0, "percent_covered_display": "100", "missing_lines": 0, "excluded_lines": 0}, "missing_lines": [], "excluded_lines": []}}}, "jaxvmas/simulator/controllers/__init__.py": {"executed_lines": [], "summary": {"covered_lines": 0, "num_statements": 0, "percent_covered": 100.0, "percent_covered_display": "100", "missing_lines": 0, "excluded_lines": 0}, "missing_lines": [], "excluded_lines": [], "functions": {"": {"executed_lines": [], "summary": {"covered_lines": 0, "num_statements": 0, "percent_covered": 100.0, "percent_covered_display": "100", "missing_lines": 0, "excluded_lines": 0}, "missing_lines": [], "excluded_lines": []}}, "classes": {"": {"executed_lines": [], "summary": {"covered_lines": 0, "num_statements": 0, "percent_covered": 100.0, "percent_covered_display": "100", "missing_lines": 0, "excluded_lines": 0}, "missing_lines": [], "excluded_lines": []}}}, "jaxvmas/simulator/controllers/velocity_controller.py": {"executed_lines": [], "summary": {"covered_lines": 0, "num_statements": 55, "percent_covered": 0.0, "percent_covered_display": "0", "missing_lines": 55, "excluded_lines": 0}, "missing_lines": [4, 5, 7, 9, 10, 13, 27, 34, 35, 36, 39, 40, 41, 42, 43, 44, 45, 47, 48, 50, 53, 54, 56, 58, 64, 65, 69, 70, 72, 74, 75, 76, 80, 85, 86, 88, 89, 90, 97, 98, 99, 103, 105, 106, 107, 108, 110, 111, 112, 114, 115, 118, 119, 120, 122], "excluded_lines": [], "functions": {"VelocityController.__init__": {"executed_lines": [], "summary": {"covered_lines": 0, "num_statements": 22, "percent_covered": 0.0, "percent_covered_display": "0", "missing_lines": 22, "excluded_lines": 0}, "missing_lines": [34, 35, 36, 39, 40, 41, 42, 43, 44, 45, 47, 48, 50, 53, 54, 56, 58, 64, 65, 69, 70, 72], "excluded_lines": []}, "VelocityController.reset": {"executed_lines": [], "summary": {"covered_lines": 0, "num_statements": 5, "percent_covered": 0.0, "percent_covered_display": "0", "missing_lines": 5, "excluded_lines": 0}, "missing_lines": [75, 76, 80, 85, 86], "excluded_lines": []}, "VelocityController.integralError": {"executed_lines": [], "summary": {"covered_lines": 0, "num_statements": 6, "percent_covered": 0.0, "percent_covered_display": "0", "missing_lines": 6, "excluded_lines": 0}, "missing_lines": [89, 90, 97, 98, 99, 103], "excluded_lines": []}, "VelocityController.rateError": {"executed_lines": [], "summary": {"covered_lines": 0, "num_statements": 3, "percent_covered": 0.0, "percent_covered_display": "0", "missing_lines": 3, "excluded_lines": 0}, "missing_lines": [106, 107, 108], "excluded_lines": []}, "VelocityController.process_force": {"executed_lines": [], "summary": {"covered_lines": 0, "num_statements": 8, "percent_covered": 0.0, "percent_covered_display": "0", "missing_lines": 8, "excluded_lines": 0}, "missing_lines": [111, 112, 114, 115, 118, 119, 120, 122], "excluded_lines": []}, "": {"executed_lines": [], "summary": {"covered_lines": 0, "num_statements": 11, "percent_covered": 0.0, "percent_covered_display": "0", "missing_lines": 11, "excluded_lines": 0}, "missing_lines": [4, 5, 7, 9, 10, 13, 27, 74, 88, 105, 110], "excluded_lines": []}}, "classes": {"VelocityController": {"executed_lines": [], "summary": {"covered_lines": 0, "num_statements": 44, "percent_covered": 0.0, "percent_covered_display": "0", "missing_lines": 44, "excluded_lines": 0}, "missing_lines": [34, 35, 36, 39, 40, 41, 42, 43, 44, 45, 47, 48, 50, 53, 54, 56, 58, 64, 65, 69, 70, 72, 75, 76, 80, 85, 86, 89, 90, 97, 98, 99, 103, 106, 107, 108, 111, 112, 114, 115, 118, 119, 120, 122], "excluded_lines": []}, "": {"executed_lines": [], "summary": {"covered_lines": 0, "num_statements": 11, "percent_covered": 0.0, "percent_covered_display": "0", "missing_lines": 11, "excluded_lines": 0}, "missing_lines": [4, 5, 7, 9, 10, 13, 27, 74, 88, 105, 110], "excluded_lines": []}}}, "jaxvmas/simulator/core/__init__.py": {"executed_lines": [1, 2, 3, 4, 6], "summary": {"covered_lines": 5, "num_statements": 5, "percent_covered": 100.0, "percent_covered_display": "100", "missing_lines": 0, "excluded_lines": 0}, "missing_lines": [], "excluded_lines": [], "functions": {"": {"executed_lines": [1, 2, 3, 4, 6], "summary": {"covered_lines": 5, "num_statements": 5, "percent_covered": 100.0, "percent_covered_display": "100", "missing_lines": 0, "excluded_lines": 0}, "missing_lines": [], "excluded_lines": []}}, "classes": {"": {"executed_lines": [1, 2, 3, 4, 6], "summary": {"covered_lines": 5, "num_statements": 5, "percent_covered": 100.0, "percent_covered_display": "100", "missing_lines": 0, "excluded_lines": 0}, "missing_lines": [], "excluded_lines": []}}}, "jaxvmas/simulator/core/action.py": {"executed_lines": [1, 2, 3, 4, 5, 7, 13, 18, 19, 20, 21, 23, 24, 25, 26, 28, 29, 30, 32, 33, 42, 43, 44, 46, 49, 50, 52, 55, 57, 59, 61, 63, 66, 73, 77, 89, 91, 92, 93, 94, 99, 100, 101, 102, 107, 109, 110, 115, 117, 119, 120, 121, 122, 123, 124, 125, 127], "summary": {"covered_lines": 57, "num_statements": 57, "percent_covered": 100.0, "percent_covered_display": "100", "missing_lines": 0, "excluded_lines": 0}, "missing_lines": [], "excluded_lines": [], "functions": {"Action.create": {"executed_lines": [42, 43, 44, 46, 49, 50, 52, 55, 57, 59, 61, 63, 66, 73, 77, 89], "summary": {"covered_lines": 16, "num_statements": 16, "percent_covered": 100.0, "percent_covered_display": "100", "missing_lines": 0, "excluded_lines": 0}, "missing_lines": [], "excluded_lines": []}, "Action.__post_init__": {"executed_lines": [92, 93, 94], "summary": {"covered_lines": 3, "num_statements": 3, "percent_covered": 100.0, "percent_covered_display": "100", "missing_lines": 0, "excluded_lines": 0}, "missing_lines": [], "excluded_lines": []}, "Action._reset": {"executed_lines": [101, 102, 107, 109, 110, 115, 117], "summary": {"covered_lines": 7, "num_statements": 7, "percent_covered": 100.0, "percent_covered_display": "100", "missing_lines": 0, "excluded_lines": 0}, "missing_lines": [], "excluded_lines": []}, "Action.replace": {"executed_lines": [120, 121, 122, 123, 124, 125, 127], "summary": {"covered_lines": 7, "num_statements": 7, "percent_covered": 100.0, "percent_covered_display": "100", "missing_lines": 0, "excluded_lines": 0}, "missing_lines": [], "excluded_lines": []}, "": {"executed_lines": [1, 2, 3, 4, 5, 7, 13, 18, 19, 20, 21, 23, 24, 25, 26, 28, 29, 30, 32, 33, 91, 99, 100, 119], "summary": {"covered_lines": 24, "num_statements": 24, "percent_covered": 100.0, "percent_covered_display": "100", "missing_lines": 0, "excluded_lines": 0}, "missing_lines": [], "excluded_lines": []}}, "classes": {"Action": {"executed_lines": [42, 43, 44, 46, 49, 50, 52, 55, 57, 59, 61, 63, 66, 73, 77, 89, 92, 93, 94, 101, 102, 107, 109, 110, 115, 117, 120, 121, 122, 123, 124, 125, 127], "summary": {"covered_lines": 33, "num_statements": 33, "percent_covered": 100.0, "percent_covered_display": "100", "missing_lines": 0, "excluded_lines": 0}, "missing_lines": [], "excluded_lines": []}, "": {"executed_lines": [1, 2, 3, 4, 5, 7, 13, 18, 19, 20, 21, 23, 24, 25, 26, 28, 29, 30, 32, 33, 91, 99, 100, 119], "summary": {"covered_lines": 24, "num_statements": 24, "percent_covered": 100.0, "percent_covered_display": "100", "missing_lines": 0, "excluded_lines": 0}, "missing_lines": [], "excluded_lines": []}}}, "jaxvmas/simulator/core/agent.py": {"executed_lines": [1, 3, 4, 6, 7, 8, 9, 10, 11, 13, 14, 15, 16, 17, 18, 19, 20, 21, 25, 29, 30, 31, 32, 34, 35, 36, 37, 38, 39, 40, 41, 42, 43, 44, 45, 46, 48, 49, 50, 51, 53, 54, 92, 111, 112, 116, 118, 123, 124, 125, 128, 130, 132, 134, 135, 137, 138, 140, 142, 144, 146, 148, 150, 153, 155, 156, 157, 160, 161, 162, 165, 167, 194, 196, 197, 198, 200, 201, 204, 205, 210, 219, 221, 222, 233, 241, 242, 245, 246, 247, 248, 252, 253, 254, 255, 256, 258, 259, 260, 261, 263, 264, 266, 267, 268, 269, 271, 272, 278, 279, 281], "summary": {"covered_lines": 111, "num_statements": 118, "percent_covered": 94.0677966101695, "percent_covered_display": "94", "missing_lines": 7, "excluded_lines": 0}, "missing_lines": [26, 119, 120, 158, 164, 265, 270], "excluded_lines": [], "functions": {"Agent.create": {"executed_lines": [92, 111, 112, 116, 118, 123, 124, 125, 128, 130, 132, 134, 135, 137, 138, 140, 142, 144, 146, 148, 150, 153, 155, 156, 157, 160, 161, 162, 165, 167, 194], "summary": {"covered_lines": 31, "num_statements": 35, "percent_covered": 88.57142857142857, "percent_covered_display": "89", "missing_lines": 4, "excluded_lines": 0}, "missing_lines": [119, 120, 158, 164], "excluded_lines": []}, "Agent.u_range": {"executed_lines": [198], "summary": {"covered_lines": 1, "num_statements": 1, "percent_covered": 100.0, "percent_covered_display": "100", "missing_lines": 0, "excluded_lines": 0}, "missing_lines": [], "excluded_lines": []}, "Agent.action_callback": {"executed_lines": [204, 205, 210, 219], "summary": {"covered_lines": 4, "num_statements": 4, "percent_covered": 100.0, "percent_covered_display": "100", "missing_lines": 0, "excluded_lines": 0}, "missing_lines": [], "excluded_lines": []}, "Agent._spawn": {"executed_lines": [233, 241, 242, 245, 246, 247, 248], "summary": {"covered_lines": 7, "nu
[...]
 0}, "missing_lines": [], "excluded_lines": []}}}, "jaxvmas/simulator/tests/scenario_test.py": {"executed_lines": [1, 2, 3, 4, 5, 7, 8, 9, 10, 11, 12, 15, 16, 19, 20, 22, 23, 24, 25, 26, 27, 28, 29, 30, 32, 33, 34, 37, 38, 39, 41, 42, 44, 45, 47, 48, 50, 51, 53, 54, 56, 57, 59, 60, 63, 64, 65, 66, 67, 68, 70, 71, 72, 73, 74, 75, 76, 77, 78, 80, 81, 82, 83, 84, 86, 87, 89, 90, 91, 94, 95, 97, 98, 99, 100, 102, 103, 104, 105, 107, 108, 109, 110, 111, 113, 114, 115, 116, 118, 119, 120, 121, 122, 124, 125, 126, 128, 129, 130, 132, 133, 134, 135, 137, 139, 140, 141, 143, 144, 147, 148, 149, 151, 152, 155, 156, 157, 159, 160, 163, 164, 167, 169, 170, 171, 174, 175, 176, 178, 179, 180, 183, 184, 185, 186, 187, 189, 190, 193, 194, 195, 197, 198], "summary": {"covered_lines": 142, "num_statements": 143, "percent_covered": 99.3006993006993, "percent_covered_display": "99", "missing_lines": 1, "excluded_lines": 0}, "missing_lines": [35], "excluded_lines": [], "functions": {"MockScenario.make_world": {"executed_lines": [23, 24, 25, 26, 27, 28, 29, 30], "summary": {"covered_lines": 8, "num_statements": 8, "percent_covered": 100.0, "percent_covered_display": "100", "missing_lines": 0, "excluded_lines": 0}, "missing_lines": [], "excluded_lines": []}, "MockScenario.reset_world_at": {"executed_lines": [33, 34, 37, 38, 39], "summary": {"covered_lines": 5, "num_statements": 6, "percent_covered": 83.33333333333333, "percent_covered_display": "83", "missing_lines": 1, "excluded_lines": 0}, "missing_lines": [35], "excluded_lines": []}, "MockScenario.observation": {"executed_lines": [42], "summary": {"covered_lines": 1, "num_statements": 1, "percent_covered": 100.0, "percent_covered_display": "100", "missing_lines": 0, "excluded_lines": 0}, "missing_lines": [], "excluded_lines": []}, "MockScenario.reward": {"executed_lines": [45], "summary": {"covered_lines": 1, "num_statements": 1, "percent_covered": 100.0, "percent_covered_display": "100", "missing_lines": 0, "excluded_lines": 0}, "missing_lines": [], "excluded_lines": []}, "MockScenario.info": {"executed_lines": [48], "summary": {"covered_lines": 1, "num_statements": 1, "percent_covered": 100.0, "percent_covered_display": "100", "missing_lines": 0, "excluded_lines": 0}, "missing_lines": [], "excluded_lines": []}, "MockScenario.extra_render": {"executed_lines": [51], "summary": {"covered_lines": 1, "num_statements": 1, "percent_covered": 100.0, "percent_covered_display": "100", "missing_lines": 0, "excluded_lines": 0}, "missing_lines": [], "excluded_lines": []}, "MockScenario.process_action": {"executed_lines": [54], "summary": {"covered_lines": 1, "num_statements": 1, "percent_covered": 100.0, "percent_covered_display": "100", "missing_lines": 0, "excluded_lines": 0}, "missing_lines": [], "excluded_lines": []}, "MockScenario.pre_step": {"executed_lines": [57], "summary": {"covered_lines": 1, "num_statements": 1, "percent_covered": 100.0, "percent_covered_display": "100", "missing_lines": 0, "excluded_lines": 0}, "missing_lines": [], "excluded_lines": []}, "MockScenario.post_step": {"executed_lines": [60], "summary": {"covered_lines": 1, "num_statements": 1, "percent_covered": 100.0, "percent_covered_display": "100", "missing_lines": 0, "excluded_lines": 0}, "missing_lines": [], "excluded_lines": []}, "TestBaseScenario.scenario": {"executed_lines": [66, 67, 68], "summary": {"covered_lines": 3, "num_statements": 3, "percent_covered": 100.0, "percent_covered_display": "100", "missing_lines": 0, "excluded_lines": 0}, "missing_lines": [], "excluded_lines": []}, "TestBaseScenario.test_create": {"executed_lines": [71, 72, 73, 74, 75, 76, 77, 78], "summary": {"covered_lines": 8, "num_statements": 8, "percent_covered": 100.0, "percent_covered_display": "100", "missing_lines": 0, "excluded_lines": 0}, "missing_lines": [], "excluded_lines": []}, "TestBaseScenario.test_make_world": {"executed_lines": [81, 82, 83, 84], "summary": {"covered_lines": 4, "num_statements": 4, "percent_covered": 100.0, "percent_covered_display": "100", "missing_lines": 0, "excluded_lines": 0}, "missing_lines": [], "excluded_lines": []}, "TestBaseScenario.test_reset_world": {"executed_lines": [87, 89, 90, 91, 94, 95], "summary": {"covered_lines": 6, "num_statements": 6, "percent_covered": 100.0, "percent_covered_display": "100", "missing_lines": 0, "excluded_lines": 0}, "missing_lines": [], "excluded_lines": []}, "TestBaseScenario.test_observation": {"executed_lines": [98, 99, 100], "summary": {"covered_lines": 3, "num_statements": 3, "percent_covered": 100.0, "percent_covered_display": "100", "missing_lines": 0, "excluded_lines": 0}, "missing_lines": [], "excluded_lines": []}, "TestBaseScenario.test_reward": {"executed_lines": [103, 104, 105], "summary": {"covered_lines": 3, "num_statements": 3, "percent_covered": 100.0, "percent_covered_display": "100", "missing_lines": 0, "excluded_lines": 0}, "missing_lines": [], "excluded_lines": []}, "TestBaseScenario.test_info": {"executed_lines": [108, 109, 110, 111], "summary": {"covered_lines": 4, "num_statements": 4, "percent_covered": 100.0, "percent_covered_display": "100", "missing_lines": 0, "excluded_lines": 0}, "missing_lines": [], "excluded_lines": []}, "TestBaseScenario.test_extra_render": {"executed_lines": [114, 115, 116], "summary": {"covered_lines": 3, "num_statements": 3, "percent_covered": 100.0, "percent_covered_display": "100", "missing_lines": 0, "excluded_lines": 0}, "missing_lines": [], "excluded_lines": []}, "TestBaseScenario.test_process_action": {"executed_lines": [119, 120, 121, 122], "summary": {"covered_lines": 4, "num_statements": 4, "percent_covered": 100.0, "percent_covered_display": "100", "missing_lines": 0, "excluded_lines": 0}, "missing_lines": [], "excluded_lines": []}, "TestBaseScenario.test_pre_step": {"executed_lines": [125, 126], "summary": {"covered_lines": 2, "num_statements": 2, "percent_covered": 100.0, "percent_covered_display": "100", "missing_lines": 0, "excluded_lines": 0}, "missing_lines": [], "excluded_lines": []}, "TestBaseScenario.test_post_step": {"executed_lines": [129, 130], "summary": {"covered_lines": 2, "num_statements": 2, "percent_covered": 100.0, "percent_covered_display": "100", "missing_lines": 0, "excluded_lines": 0}, "missing_lines": [], "excluded_lines": []}, "TestBaseScenario.test_done": {"executed_lines": [133, 134, 135], "summary": {"covered_lines": 3, "num_statements": 3, "percent_covered": 100.0, "percent_covered_display": "100", "missing_lines": 0, "excluded_lines": 0}, "missing_lines": [], "excluded_lines": []}, "TestBaseScenario.test_is_jittable": {"executed_lines": [140, 143, 144, 147, 148, 151, 152, 155, 156, 159, 160, 163, 164, 169, 170, 171, 174, 175, 178, 179, 180, 183, 184, 189, 190, 193, 194, 197, 198], "summary": {"covered_lines": 29, "num_statements": 29, "percent_covered": 100.0, "percent_covered_display": "100", "missing_lines": 0, "excluded_lines": 0}, "missing_lines": [], "excluded_lines": []}, "TestBaseScenario.test_is_jittable.get_observation": {"executed_lines": [141], "summary": {"covered_lines": 1, "num_statements": 1, "percent_covered": 100.0, "percent_covered_display": "100", "missing_lines": 0, "excluded_lines": 0}, "missing_lines": [], "excluded_lines": []}, "TestBaseScenario.test_is_jittable.get_reward": {"executed_lines": [149], "summary": {"covered_lines": 1, "num_statements": 1, "percent_covered": 100.0, "percent_covered_display": "100", "missing_lines": 0, "excluded_lines": 0}, "missing_lines": [], "excluded_lines": []}, "TestBaseScenario.test_is_jittable.get_info": {"executed_lines": [157], "summary": {"covered_lines": 1, "num_statements": 1, "percent_covered": 100.0, "percent_covered_display": "100", "missing_lines": 0, "excluded_lines": 0}, "missing_lines": [], "excluded_lines": []}, "TestBaseScenario.test_is_jittable.reset_scenario": {"executed_lines": [167], "summary": {"covered_lines": 1, "num_statements": 1, "percent_covered": 100.0, "percent_covered_display": "100", "missing_lines": 0, "excluded_lines": 0}, "missing_lines": [], "excluded_lines": []}, "TestBaseScenario.test_is_jittable.process_agent_action": {"executed_lines": [176], "summary": {"covered_lines": 1, "num_statements": 1, "percent_covered": 100.0, "percent_covered_display": "100", "missing_lines": 0, "excluded_lines": 0}, "missing_lines": [], "excluded_lines": []}, "TestBaseScenario.test_is_jittable.step_hooks": {"executed_lines": [185, 186, 187], "summary": {"covered_lines": 3, "num_statements": 3, "percent_covered": 100.0, "percent_covered_display": "100", "missing_lines": 0, "excluded_lines": 0}, "missing_lines": [], "excluded_lines": []}, "TestBaseScenario.test_is_jittable.get_done": {"executed_lines": [195], "summary": {"covered_lines": 1, "num_statements": 1, "percent_covered": 100.0, "percent_covered_display": "100", "missing_lines": 0, "excluded_lines": 0}, "missing_lines": [], "excluded_lines": []}, "": {"executed_lines": [1, 2, 3, 4, 5, 7, 8, 9, 10, 11, 12, 15, 16, 19, 20, 22, 32, 41, 44, 47, 50, 53, 56, 59, 63, 64, 65, 70, 80, 86, 97, 102, 107, 113, 118, 124, 128, 132, 137, 139], "summary": {"covered_lines": 39, "num_statements": 39, "percent_covered": 100.0, "percent_covered_display": "100", "missing_lines": 0, "excluded_lines": 0}, "missing_lines": [], "excluded_lines": []}}, "classes": {"MockScenario": {"executed_lines": [23, 24, 25, 26, 27, 28, 29, 30, 33, 34, 37, 38, 39, 42, 45, 48, 51, 54, 57, 60], "summary": {"covered_lines": 20, "num_statements": 21, "percent_covered": 95.23809523809524, "percent_covered_display": "95", "missing_lines": 1, "excluded_lines": 0}, "missing_lines": [35], "excluded_lines": []}, "TestBaseScenario": {"executed_lines": [66, 67, 68, 71, 72, 73, 74, 75, 76, 77, 78, 81, 82, 83, 84, 87, 89, 90, 91, 94, 95, 98, 99, 100, 103, 104, 105, 108, 109, 110, 111, 114, 115, 116, 119, 120, 121, 122, 125, 126, 129, 130, 133, 134, 135, 140, 141, 143, 144, 147, 148, 149, 151, 152, 155, 156, 157, 159, 160, 163, 164, 167, 169, 170, 171, 174, 175, 176, 178, 179, 180, 183, 184, 185, 186, 187, 189, 190, 193, 194, 195, 197, 198], "summary": {"covered_lines": 83, "num_statements": 83, "percent_covered": 100.0, "percent_covered_display": "100", "missing_lines": 0, "excluded_lines": 0}, "missing_lines": [], "excluded_lines": []}, "": {"executed_lines": [1, 2, 3, 4, 5, 7, 8, 9, 10, 11, 12, 15, 16, 19, 20, 22, 32, 41, 44, 47, 50, 53, 56, 59, 63, 64, 65, 70, 80, 86, 97, 102, 107, 113, 118, 124, 128, 132, 137, 139], "summary": {"covered_lines": 39, "num_statements": 39, "percent_covered": 100.0, "percent_covered_display": "100", "missing_lines": 0, "excluded_lines": 0}, "missing_lines": [], "excluded_lines": []}}}, "jaxvmas/simulator/utils.py": {"executed_lines": [4, 5, 6, 7, 9, 10, 11, 13, 16, 17, 18, 19, 20, 21, 22, 23, 24, 25, 27, 28, 29, 31, 32, 33, 35, 36, 37, 38, 41, 42, 43, 44, 45, 46, 47, 48, 49, 50, 51, 52, 55, 56, 57, 65, 87, 115, 116, 117, 118, 119, 127, 128, 129, 130, 133, 134, 135, 138, 139, 140, 142, 143, 146, 147, 149, 150, 152, 153, 154, 162, 163, 167, 171, 172, 175, 177, 178, 187, 188, 189, 190, 191, 193, 194, 203, 206, 208, 212, 214, 215, 216, 218, 228, 229, 230, 260, 261, 316, 317, 318, 327, 328, 361, 362], "summary": {"covered_lines": 104, "num_statements": 191, "percent_covered": 54.45026178010471, "percent_covered_display": "54", "missing_lines": 87, "excluded_lines": 0}, "missing_lines": [14, 58, 67, 68, 70, 73, 79, 81, 82, 83, 84, 95, 97, 98, 99, 100, 101, 102, 103, 104, 105, 106, 107, 108, 109, 110, 111, 112, 123, 179, 180, 181, 182, 183, 184, 185, 240, 242, 243, 247, 248, 257, 258, 271, 272, 274, 275, 276, 278, 296, 297, 298, 300, 302, 303, 304, 308, 310, 311, 313, 314, 319, 320, 321, 325, 331, 333, 334, 335, 337, 339, 340, 341, 342, 343, 344, 358, 359, 363, 365, 366, 371, 372, 373, 374, 375, 376], "excluded_lines": [], "functions": {"_init_pyglet_device": {"executed_lines": [56, 57], "summary": {"covered_lines": 2, "num_statements": 3, "percent_covered": 66.66666666666667, "percent_covered_display": "67", "missing_lines": 1, "excluded_lines": 0}, "missing_lines": [58], "excluded_lines": []}, "save_video": {"executed_lines": [], "summary": {"covered_lines": 0, "num_statements": 9, "percent_covered": 0.0, "percent_covered_display": "0", "missing_lines": 9, "excluded_lines": 0}, "missing_lines": [67, 68, 70, 73, 79, 81, 82, 83, 84], "excluded_lines": []}, "x_to_rgb_colormap": {"executed_lines": [], "summary": {"covered_lines": 0, "num_statements": 17, "percent_covered": 0.0, "percent_covered_display": "0", "missing_lines": 17, "excluded_lines": 0}, "missing_lines": [95, 97, 98, 99, 100, 101, 102, 103, 104, 105, 106, 107, 108, 109, 110, 111, 112], "excluded_lines": []}, "extract_nested_with_index": {"executed_lines": [116, 117, 118, 119], "summary": {"covered_lines": 4, "num_statements": 5, "percent_covered": 80.0, "percent_covered_display": "80", "missing_lines": 1, "excluded_lines": 0}, "missing_lines": [123], "excluded_lines": []}, "JaxUtils.clamp_with_norm": {"executed_lines": [138, 139, 140], "summary": {"covered_lines": 3, "num_statements": 3, "percent_covered": 100.0, "percent_covered_display": "100", "missing_lines": 0, "excluded_lines": 0}, "missing_lines": [], "excluded_lines": []}, "JaxUtils.rotate_vector": {"executed_lines": [146, 147, 149, 150, 152, 153, 154], "summary": {"covered_lines": 7, "num_statements": 7, "percent_covered": 100.0, "percent_covered_display": "100", "missing_lines": 0, "excluded_lines": 0}, "missing_lines": [], "excluded_lines": []}, "JaxUtils.cross": {"executed_lines": [167], "summary": {"covered_lines": 1, "num_statements": 1, "percent_covered": 100.0, "percent_covered_display": "100", "missing_lines": 0, "excluded_lines": 0}, "missing_lines": [], "excluded_lines": []}, "JaxUtils.compute_torque": {"executed_lines": [175], "summary": {"covered_lines": 1, "num_statements": 1, "percent_covered": 100.0, "percent_covered_display": "100", "missing_lines": 0, "excluded_lines": 0}, "missing_lines": [], "excluded_lines": []}, "JaxUtils.to_numpy": {"executed_lines": [], "summary": {"covered_lines": 0, "num_statements": 7, "percent_covered": 0.0, "percent_covered_display": "0", "missing_lines": 7, "excluded_lines": 0}, "missing_lines": [179, 180, 181, 182, 183, 184, 185], "excluded_lines": []}, "JaxUtils.recursive_clone": {"executed_lines": [189, 190, 191], "summary": {"covered_lines": 3, "num_statements": 3, "percent_covered": 100.0, "percent_covered_display": "100", "missing_lines": 0, "excluded_lines": 0}, "missing_lines": [], "excluded_lines": []}, "JaxUtils.where_from_index": {"executed_lines": [203, 208, 218], "summary": {"covered_lines": 3, "num_statements": 3, "percent_covered": 100.0, "percent_covered_display": "100", "missing_lines": 0, "excluded_lines": 0}, "missing_lines": [], "excluded_lines": []}, "JaxUtils.where_from_index.env_index_is_nan": {"executed_lines": [206], "summary": {"covered_lines": 1, "num_statements": 1, "percent_covered": 100.0, "percent_covered_display": "100", "missing_lines": 0, "excluded_lines": 0}, "missing_lines": [], "excluded_lines": []}, "JaxUtils.where_from_index.env_index_is_not_nan": {"executed_lines": [212, 214, 215, 216], "summary": {"covered_lines": 4, "num_statements": 4, "percent_covered": 100.0, "percent_covered_display": "100", "missing_lines": 0, "excluded_lines": 0}, "missing_lines": [], "excluded_lines": []}, "ScenarioUtils.spawn_entities_randomly": {"executed_lines": [], "summary": {"covered_lines": 0, "num_statements": 7, "percent_covered": 0.0, "percent_covered_display": "0", "missing_lines": 7, "excluded_lines": 0}, "missing_lines": [240, 242, 243, 247, 248, 257, 258], "excluded_lines": []}, "ScenarioUtils.find_random_pos_for_entity": {"executed_lines": [], "summary": {"covered_lines": 0, "num_statements": 8, "percent_covered": 0.0, "percent_covered_display": "0", "missing_lines": 8, "excluded_lines": 0}, "missing_lines": [271, 272, 274, 302, 310, 311, 313, 314], "excluded_lines": []}, "ScenarioUtils.find_random_pos_for_entity.body_fn": {"executed_lines": [], "summary": {"covered_lines": 0, "num_statements": 7, "percent_covered": 0.0, "percent_covered_display": "0", "missing_lines": 7, "excluded_lines": 0}, "missing_lines": [275, 276, 278, 296, 297, 298, 300], "excluded_lines": []}, "ScenarioUtils.find_random_pos_for_entity.cond_fn": {"executed_lines": [], "summary": {"covered_lines": 0, "num_statements": 3, "percent_covered": 0.0, "percent_covered_display": "0", "missing_lines": 3, "excluded_lines": 0}, "missing_lines": [303, 304, 308], "excluded_lines": []}, "ScenarioUtils.check_kwargs_consumed": {"executed_lines": [318], "summary": {"covered_lines": 1, "num_statements": 5, "percent_covered": 20.0, "percent_covered_display": "20", "missing_lines": 4, "excluded_lines": 0}, "missing_lines": [319, 320, 321, 325], "excluded_lines": []}, "ScenarioUtils.render_agent_indices": {"executed_lines": [], "summary": {"covered_lines": 0, "num_statements": 13, "percent_covered": 0.0, "percent_covered_display": "0", "missing_lines": 13, "excluded_lines": 0}, "missing_lines": [331, 333, 334, 335, 337, 339, 340, 341, 342, 343, 344, 358, 359], "excluded_lines": []}, "ScenarioUtils.plot_entity_rotation": {"executed_lines": [], "summary": {"covered_lines": 0, "num_statements": 9, "percent_covered": 0.0, "percent_covered_display": "0", "missing_lines": 9, "excluded_lines": 0}, "missing_lines": [363, 365, 366, 371, 372, 373, 374, 375, 376], "excluded_lines": []}, "": {"executed_lines": [4, 5, 6, 7, 9, 10, 11, 13, 16, 17, 18, 19, 20, 21, 22, 23, 24, 25, 27, 28, 29, 31, 32, 33, 35, 36, 37, 38, 41, 42, 43, 44, 45, 46, 47, 48, 49, 50, 51, 52, 55, 65, 87, 115, 127, 128, 129, 130, 133, 134, 135, 142, 143, 162, 163, 171, 172, 177, 178, 187, 188, 193, 194, 228, 229, 230, 260, 261, 316, 317, 327, 328, 361, 362], "summary": {"covered_lines": 74, "num_statements": 75, "percent_covered": 98.66666666666667, "percent_covered_display": "99", "missing_lines": 1, "excluded_lines": 0}, "missing_lines": [14], "excluded_lines": []}}, "classes": {"Color": {"executed_lines": [], "summary": {"covered_lines": 0, "num_statements": 0, "percent_covered": 100.0, "percent_covered_display": "100", "missing_lines": 0, "excluded_lines": 0}, "missing_lines": [], "excluded_lines": []}, "JaxUtils": {"executed_lines": [138, 139, 140, 146, 147, 149, 150, 152, 153, 154, 167, 175, 189, 190, 191, 203, 206, 208, 212, 214, 215, 216, 218], "summary": {"covered_lines": 23, "num_statements": 30, "percent_covered": 76.66666666666667, "percent_covered_display": "77", "missing_lines": 7, "excluded_lines": 0}, "missing_lines": [179, 180, 181, 182, 183, 184, 185], "excluded_lines": []}, "ScenarioUtils": {"executed_lines": [318], "summary": {"covered_lines": 1, "num_statements": 52, "percent_covered": 1.9230769230769231, "percent_covered_display": "2", "missing_lines": 51, "excluded_lines": 0}, "missing_lines": [240, 242, 243, 247, 248, 257, 258, 271, 272, 274, 275, 276, 278, 296, 297, 298, 300, 302, 303, 304, 308, 310, 311, 313, 314, 319, 320, 321, 325, 331, 333, 334, 335, 337, 339, 340, 341, 342, 343, 344, 358, 359, 363, 365, 366, 371, 372, 373, 374, 375, 376], "excluded_lines": []}, "": {"executed_lines": [4, 5, 6, 7, 9, 10, 11, 13, 16, 17, 18, 19, 20, 21, 22, 23, 24, 25, 27, 28, 29, 31, 32, 33, 35, 36, 37, 38, 41, 42, 43, 44, 45, 46, 47, 48, 49, 50, 51, 52, 55, 56, 57, 65, 87, 115, 116, 117, 118, 119, 127, 128, 129, 130, 133, 134, 135, 142, 143, 162, 163, 171, 172, 177, 178, 187, 188, 193, 194, 228, 229, 230, 260, 261, 316, 317, 327, 328, 361, 362], "summary": {"covered_lines": 80, "num_statements": 109, "percent_covered": 73.39449541284404, "percent_covered_display": "73", "missing_lines": 29, "excluded_lines": 0}, "missing_lines": [14, 58, 67, 68, 70, 73, 79, 81, 82, 83, 84, 95, 97, 98, 99, 100, 101, 102, 103, 104, 105, 106, 107, 108, 109, 110, 111, 112, 123], "excluded_lines": []}}}}, "totals": {"covered_lines": 6439, "num_statements": 8661, "percent_covered": 74.34476388407805, "percent_covered_display": "74", "missing_lines": 2222, "excluded_lines": 0}}